2025-06-20 09:13:28,792 - INFO - Successfully loaded 65 participant records
2025-06-20 09:13:28,792 - INFO - Initialized IOAI Certificate Generator V3 (Fixed)
2025-06-20 09:13:28,792 - INFO - Template: INTERNATIONAL OLYMPIAD IN ARTIFICIAL INTELLIGENCE (IOAI) 2025 - PHASE 2.pdf
2025-06-20 09:13:28,792 - INFO - Data source: Phase2_Admitted_Not_In_Phase3.csv
2025-06-20 09:13:28,792 - INFO - Output directory: final_certificates
2025-06-20 09:13:28,792 - INFO - Participants loaded: 65
2025-06-20 09:13:28,792 - INFO - Starting fixed batch certificate generation...
2025-06-20 09:13:28,792 - INFO - Generating certificate for: Tabara keita (Token: olp-micenas-uhs3g12)
2025-06-20 09:13:28,810 - DEBUG - Extracted text properties: {'fontname': 'ArchivoBlack-Regular', 'fontsize': 32.808834075927734, 'color': 11741488}
2025-06-20 09:13:28,813 - WARNING - Error with custom font, using default: need font file or buffer
2025-06-20 09:13:28,816 - DEBUG - Replaced '[NOM ET PRÉNOM DU PARTICIPANT]' with 'Tabara keita' using font: ArchivoBlack-Regular, size: 32.808834075927734
2025-06-20 09:13:28,816 - INFO - Successfully replaced 1 instances of '[NOM ET PRÉNOM DU PARTICIPANT]'
2025-06-20 09:13:28,817 - DEBUG - Extracted text properties: {'fontname': 'Anaktoria', 'fontsize': 24.001543045043945, 'color': 0}
2025-06-20 09:13:28,818 - WARNING - Error with custom font, using default: need font file or buffer
2025-06-20 09:13:28,819 - DEBUG - Replaced '[Numéro de token]' with 'olp-micenas-uhs3g12' using font: Anaktoria, size: 24.001543045043945
2025-06-20 09:13:28,819 - INFO - Successfully replaced 1 instances of '[Numéro de token]'
2025-06-20 09:13:28,819 - DEBUG - Page 1: Name replaced: True, Token replaced: True
2025-06-20 09:13:28,820 - INFO - Generated certificate: IOAI_2025_Certificate_Tabara_keita_olp-micenas-uhs3g12.pdf
2025-06-20 09:13:28,821 - INFO - Generating certificate for: Alphady Sadio Diarra (Token: olp-megara-hri8v78)
2025-06-20 09:13:28,825 - DEBUG - Extracted text properties: {'fontname': 'ArchivoBlack-Regular', 'fontsize': 32.808834075927734, 'color': 11741488}
2025-06-20 09:13:28,826 - WARNING - Error with custom font, using default: need font file or buffer
2025-06-20 09:13:28,827 - DEBUG - Replaced '[NOM ET PRÉNOM DU PARTICIPANT]' with 'Alphady Sadio Diarra' using font: ArchivoBlack-Regular, size: 32.808834075927734
2025-06-20 09:13:28,827 - INFO - Successfully replaced 1 instances of '[NOM ET PRÉNOM DU PARTICIPANT]'
2025-06-20 09:13:28,829 - DEBUG - Extracted text properties: {'fontname': 'Anaktoria', 'fontsize': 24.001543045043945, 'color': 0}
2025-06-20 09:13:28,829 - WARNING - Error with custom font, using default: need font file or buffer
2025-06-20 09:13:28,830 - DEBUG - Replaced '[Numéro de token]' with 'olp-megara-hri8v78' using font: Anaktoria, size: 24.001543045043945
2025-06-20 09:13:28,830 - INFO - Successfully replaced 1 instances of '[Numéro de token]'
2025-06-20 09:13:28,830 - DEBUG - Page 1: Name replaced: True, Token replaced: True
2025-06-20 09:13:28,832 - INFO - Generated certificate: IOAI_2025_Certificate_Alphady_Sadio_Diarra_olp-megara-hri8v78.pdf
2025-06-20 09:13:28,832 - INFO - Generating certificate for: Mohamed Dourbéla (Token: olp-micenas-yec2s16)
2025-06-20 09:13:28,838 - DEBUG - Extracted text properties: {'fontname': 'ArchivoBlack-Regular', 'fontsize': 32.808834075927734, 'color': 11741488}
2025-06-20 09:13:28,839 - WARNING - Error with custom font, using default: need font file or buffer
2025-06-20 09:13:28,840 - DEBUG - Replaced '[NOM ET PRÉNOM DU PARTICIPANT]' with 'Mohamed Dourbéla' using font: ArchivoBlack-Regular, size: 32.808834075927734
2025-06-20 09:13:28,840 - INFO - Successfully replaced 1 instances of '[NOM ET PRÉNOM DU PARTICIPANT]'
2025-06-20 09:13:28,841 - DEBUG - Extracted text properties: {'fontname': 'Anaktoria', 'fontsize': 24.001543045043945, 'color': 0}
2025-06-20 09:13:28,842 - WARNING - Error with custom font, using default: need font file or buffer
2025-06-20 09:13:28,843 - DEBUG - Replaced '[Numéro de token]' with 'olp-micenas-yec2s16' using font: Anaktoria, size: 24.001543045043945
2025-06-20 09:13:28,843 - INFO - Successfully replaced 1 instances of '[Numéro de token]'
2025-06-20 09:13:28,843 - DEBUG - Page 1: Name replaced: True, Token replaced: True
2025-06-20 09:13:28,844 - INFO - Generated certificate: IOAI_2025_Certificate_Mohamed_Dourbéla_olp-micenas-yec2s16.pdf
2025-06-20 09:13:28,844 - INFO - Generating certificate for: Bakary Diakité (Token: olp-argos-gld7i02)
2025-06-20 09:13:28,848 - DEBUG - Extracted text properties: {'fontname': 'ArchivoBlack-Regular', 'fontsize': 32.808834075927734, 'color': 11741488}
2025-06-20 09:13:28,849 - WARNING - Error with custom font, using default: need font file or buffer
2025-06-20 09:13:28,850 - DEBUG - Replaced '[NOM ET PRÉNOM DU PARTICIPANT]' with 'Bakary Diakité' using font: ArchivoBlack-Regular, size: 32.808834075927734
2025-06-20 09:13:28,850 - INFO - Successfully replaced 1 instances of '[NOM ET PRÉNOM DU PARTICIPANT]'
2025-06-20 09:13:28,852 - DEBUG - Extracted text properties: {'fontname': 'Anaktoria', 'fontsize': 24.001543045043945, 'color': 0}
2025-06-20 09:13:28,852 - WARNING - Error with custom font, using default: need font file or buffer
2025-06-20 09:13:28,853 - DEBUG - Replaced '[Numéro de token]' with 'olp-argos-gld7i02' using font: Anaktoria, size: 24.001543045043945
2025-06-20 09:13:28,853 - INFO - Successfully replaced 1 instances of '[Numéro de token]'
2025-06-20 09:13:28,853 - DEBUG - Page 1: Name replaced: True, Token replaced: True
2025-06-20 09:13:28,855 - INFO - Generated certificate: IOAI_2025_Certificate_Bakary_Diakité_olp-argos-gld7i02.pdf
2025-06-20 09:13:28,855 - INFO - Generating certificate for: Mariam F Sidibé (Token: olp-tebas-ifg9z84)
2025-06-20 09:13:28,861 - DEBUG - Extracted text properties: {'fontname': 'ArchivoBlack-Regular', 'fontsize': 32.808834075927734, 'color': 11741488}
2025-06-20 09:13:28,861 - WARNING - Error with custom font, using default: need font file or buffer
2025-06-20 09:13:28,863 - DEBUG - Replaced '[NOM ET PRÉNOM DU PARTICIPANT]' with 'Mariam F Sidibé' using font: ArchivoBlack-Regular, size: 32.808834075927734
2025-06-20 09:13:28,863 - INFO - Successfully replaced 1 instances of '[NOM ET PRÉNOM DU PARTICIPANT]'
2025-06-20 09:13:28,864 - DEBUG - Extracted text properties: {'fontname': 'Anaktoria', 'fontsize': 24.001543045043945, 'color': 0}
2025-06-20 09:13:28,865 - WARNING - Error with custom font, using default: need font file or buffer
2025-06-20 09:13:28,865 - DEBUG - Replaced '[Numéro de token]' with 'olp-tebas-ifg9z84' using font: Anaktoria, size: 24.001543045043945
2025-06-20 09:13:28,865 - INFO - Successfully replaced 1 instances of '[Numéro de token]'
2025-06-20 09:13:28,865 - DEBUG - Page 1: Name replaced: True, Token replaced: True
2025-06-20 09:13:28,867 - INFO - Generated certificate: IOAI_2025_Certificate_Mariam_F_Sidibé_olp-tebas-ifg9z84.pdf
2025-06-20 09:13:28,867 - INFO - Generating certificate for: Samuel DIARRA (Token: olp-argos-lza3s07)
2025-06-20 09:13:28,871 - DEBUG - Extracted text properties: {'fontname': 'ArchivoBlack-Regular', 'fontsize': 32.808834075927734, 'color': 11741488}
2025-06-20 09:13:28,872 - WARNING - Error with custom font, using default: need font file or buffer
2025-06-20 09:13:28,873 - DEBUG - Replaced '[NOM ET PRÉNOM DU PARTICIPANT]' with 'Samuel DIARRA' using font: ArchivoBlack-Regular, size: 32.808834075927734
2025-06-20 09:13:28,873 - INFO - Successfully replaced 1 instances of '[NOM ET PRÉNOM DU PARTICIPANT]'
2025-06-20 09:13:28,875 - DEBUG - Extracted text properties: {'fontname': 'Anaktoria', 'fontsize': 24.001543045043945, 'color': 0}
2025-06-20 09:13:28,875 - WARNING - Error with custom font, using default: need font file or buffer
2025-06-20 09:13:28,876 - DEBUG - Replaced '[Numéro de token]' with 'olp-argos-lza3s07' using font: Anaktoria, size: 24.001543045043945
2025-06-20 09:13:28,876 - INFO - Successfully replaced 1 instances of '[Numéro de token]'
2025-06-20 09:13:28,876 - DEBUG - Page 1: Name replaced: True, Token replaced: True
2025-06-20 09:13:28,878 - INFO - Generated certificate: IOAI_2025_Certificate_Samuel_DIARRA_olp-argos-lza3s07.pdf
2025-06-20 09:13:28,878 - INFO - Generating certificate for: Bodé Niangadou (Token: olp-corinto-zrs4d11)
2025-06-20 09:13:28,883 - DEBUG - Extracted text properties: {'fontname': 'ArchivoBlack-Regular', 'fontsize': 32.808834075927734, 'color': 11741488}
2025-06-20 09:13:28,883 - WARNING - Error with custom font, using default: need font file or buffer
2025-06-20 09:13:28,885 - DEBUG - Replaced '[NOM ET PRÉNOM DU PARTICIPANT]' with 'Bodé Niangadou' using font: ArchivoBlack-Regular, size: 32.808834075927734
2025-06-20 09:13:28,885 - INFO - Successfully replaced 1 instances of '[NOM ET PRÉNOM DU PARTICIPANT]'
2025-06-20 09:13:28,886 - DEBUG - Extracted text properties: {'fontname': 'Anaktoria', 'fontsize': 24.001543045043945, 'color': 0}
2025-06-20 09:13:28,887 - WARNING - Error with custom font, using default: need font file or buffer
2025-06-20 09:13:28,888 - DEBUG - Replaced '[Numéro de token]' with 'olp-corinto-zrs4d11' using font: Anaktoria, size: 24.001543045043945
2025-06-20 09:13:28,888 - INFO - Successfully replaced 1 instances of '[Numéro de token]'
2025-06-20 09:13:28,888 - DEBUG - Page 1: Name replaced: True, Token replaced: True
2025-06-20 09:13:28,889 - INFO - Generated certificate: IOAI_2025_Certificate_Bodé_Niangadou_olp-corinto-zrs4d11.pdf
2025-06-20 09:13:28,889 - INFO - Generating certificate for: Soumaïla Touré (Token: olp-tebas-wfj8y18)
2025-06-20 09:13:28,893 - DEBUG - Extracted text properties: {'fontname': 'ArchivoBlack-Regular', 'fontsize': 32.808834075927734, 'color': 11741488}
2025-06-20 09:13:28,894 - WARNING - Error with custom font, using default: need font file or buffer
2025-06-20 09:13:28,895 - DEBUG - Replaced '[NOM ET PRÉNOM DU PARTICIPANT]' with 'Soumaïla Touré' using font: ArchivoBlack-Regular, size: 32.808834075927734
2025-06-20 09:13:28,895 - INFO - Successfully replaced 1 instances of '[NOM ET PRÉNOM DU PARTICIPANT]'
2025-06-20 09:13:28,897 - DEBUG - Extracted text properties: {'fontname': 'Anaktoria', 'fontsize': 24.001543045043945, 'color': 0}
2025-06-20 09:13:28,897 - WARNING - Error with custom font, using default: need font file or buffer
2025-06-20 09:13:28,898 - DEBUG - Replaced '[Numéro de token]' with 'olp-tebas-wfj8y18' using font: Anaktoria, size: 24.001543045043945
2025-06-20 09:13:28,898 - INFO - Successfully replaced 1 instances of '[Numéro de token]'
2025-06-20 09:13:28,898 - DEBUG - Page 1: Name replaced: True, Token replaced: True
2025-06-20 09:13:28,899 - INFO - Generated certificate: IOAI_2025_Certificate_Soumaïla_Touré_olp-tebas-wfj8y18.pdf
2025-06-20 09:13:28,899 - INFO - Generating certificate for: Idrissa sangaré (Token: olp-megara-oru4f74)
2025-06-20 09:13:28,904 - DEBUG - Extracted text properties: {'fontname': 'ArchivoBlack-Regular', 'fontsize': 32.808834075927734, 'color': 11741488}
2025-06-20 09:13:28,905 - WARNING - Error with custom font, using default: need font file or buffer
2025-06-20 09:13:28,906 - DEBUG - Replaced '[NOM ET PRÉNOM DU PARTICIPANT]' with 'Idrissa sangaré' using font: ArchivoBlack-Regular, size: 32.808834075927734
2025-06-20 09:13:28,906 - INFO - Successfully replaced 1 instances of '[NOM ET PRÉNOM DU PARTICIPANT]'
2025-06-20 09:13:28,908 - DEBUG - Extracted text properties: {'fontname': 'Anaktoria', 'fontsize': 24.001543045043945, 'color': 0}
2025-06-20 09:13:28,908 - WARNING - Error with custom font, using default: need font file or buffer
2025-06-20 09:13:28,909 - DEBUG - Replaced '[Numéro de token]' with 'olp-megara-oru4f74' using font: Anaktoria, size: 24.001543045043945
2025-06-20 09:13:28,909 - INFO - Successfully replaced 1 instances of '[Numéro de token]'
2025-06-20 09:13:28,909 - DEBUG - Page 1: Name replaced: True, Token replaced: True
2025-06-20 09:13:28,912 - INFO - Generated certificate: IOAI_2025_Certificate_Idrissa_sangaré_olp-megara-oru4f74.pdf
2025-06-20 09:13:28,912 - INFO - Generating certificate for: Madiou Mohamed cisse (Token: olp-olimpia-oun8i68)
2025-06-20 09:13:28,919 - DEBUG - Extracted text properties: {'fontname': 'ArchivoBlack-Regular', 'fontsize': 32.808834075927734, 'color': 11741488}
2025-06-20 09:13:28,920 - WARNING - Error with custom font, using default: need font file or buffer
2025-06-20 09:13:28,921 - DEBUG - Replaced '[NOM ET PRÉNOM DU PARTICIPANT]' with 'Madiou Mohamed cisse' using font: ArchivoBlack-Regular, size: 32.808834075927734
2025-06-20 09:13:28,921 - INFO - Successfully replaced 1 instances of '[NOM ET PRÉNOM DU PARTICIPANT]'
2025-06-20 09:13:28,923 - DEBUG - Extracted text properties: {'fontname': 'Anaktoria', 'fontsize': 24.001543045043945, 'color': 0}
2025-06-20 09:13:28,924 - WARNING - Error with custom font, using default: need font file or buffer
2025-06-20 09:13:28,924 - DEBUG - Replaced '[Numéro de token]' with 'olp-olimpia-oun8i68' using font: Anaktoria, size: 24.001543045043945
2025-06-20 09:13:28,924 - INFO - Successfully replaced 1 instances of '[Numéro de token]'
2025-06-20 09:13:28,924 - DEBUG - Page 1: Name replaced: True, Token replaced: True
2025-06-20 09:13:28,927 - INFO - Generated certificate: IOAI_2025_Certificate_Madiou_Mohamed_cisse_olp-olimpia-oun8i68.pdf
2025-06-20 09:13:28,927 - INFO - Generating certificate for: Awa Cisse (Token: olp-atenas-nrs7y66)
2025-06-20 09:13:28,933 - DEBUG - Extracted text properties: {'fontname': 'ArchivoBlack-Regular', 'fontsize': 32.808834075927734, 'color': 11741488}
2025-06-20 09:13:28,934 - WARNING - Error with custom font, using default: need font file or buffer
2025-06-20 09:13:28,935 - DEBUG - Replaced '[NOM ET PRÉNOM DU PARTICIPANT]' with 'Awa Cisse' using font: ArchivoBlack-Regular, size: 32.808834075927734
2025-06-20 09:13:28,935 - INFO - Successfully replaced 1 instances of '[NOM ET PRÉNOM DU PARTICIPANT]'
2025-06-20 09:13:28,937 - DEBUG - Extracted text properties: {'fontname': 'Anaktoria', 'fontsize': 24.001543045043945, 'color': 0}
2025-06-20 09:13:28,937 - WARNING - Error with custom font, using default: need font file or buffer
2025-06-20 09:13:28,938 - DEBUG - Replaced '[Numéro de token]' with 'olp-atenas-nrs7y66' using font: Anaktoria, size: 24.001543045043945
2025-06-20 09:13:28,938 - INFO - Successfully replaced 1 instances of '[Numéro de token]'
2025-06-20 09:13:28,938 - DEBUG - Page 1: Name replaced: True, Token replaced: True
2025-06-20 09:13:28,939 - INFO - Generated certificate: IOAI_2025_Certificate_Awa_Cisse_olp-atenas-nrs7y66.pdf
2025-06-20 09:13:28,940 - INFO - Generating certificate for: Dramé Aboubacar josé (Token: olp-corinto-rdo8y38)
2025-06-20 09:13:28,944 - DEBUG - Extracted text properties: {'fontname': 'ArchivoBlack-Regular', 'fontsize': 32.808834075927734, 'color': 11741488}
2025-06-20 09:13:28,945 - WARNING - Error with custom font, using default: need font file or buffer
2025-06-20 09:13:28,946 - DEBUG - Replaced '[NOM ET PRÉNOM DU PARTICIPANT]' with 'Dramé Aboubacar josé' using font: ArchivoBlack-Regular, size: 32.808834075927734
2025-06-20 09:13:28,946 - INFO - Successfully replaced 1 instances of '[NOM ET PRÉNOM DU PARTICIPANT]'
2025-06-20 09:13:28,947 - DEBUG - Extracted text properties: {'fontname': 'Anaktoria', 'fontsize': 24.001543045043945, 'color': 0}
2025-06-20 09:13:28,948 - WARNING - Error with custom font, using default: need font file or buffer
2025-06-20 09:13:28,949 - DEBUG - Replaced '[Numéro de token]' with 'olp-corinto-rdo8y38' using font: Anaktoria, size: 24.001543045043945
2025-06-20 09:13:28,949 - INFO - Successfully replaced 1 instances of '[Numéro de token]'
2025-06-20 09:13:28,949 - DEBUG - Page 1: Name replaced: True, Token replaced: True
2025-06-20 09:13:28,950 - INFO - Generated certificate: IOAI_2025_Certificate_Dramé_Aboubacar_josé_olp-corinto-rdo8y38.pdf
2025-06-20 09:13:28,950 - INFO - Generating certificate for: Mohamed Diarra (Token: olp-olimpia-xfp6s09)
2025-06-20 09:13:28,955 - DEBUG - Extracted text properties: {'fontname': 'ArchivoBlack-Regular', 'fontsize': 32.808834075927734, 'color': 11741488}
2025-06-20 09:13:28,956 - WARNING - Error with custom font, using default: need font file or buffer
2025-06-20 09:13:28,957 - DEBUG - Replaced '[NOM ET PRÉNOM DU PARTICIPANT]' with 'Mohamed Diarra' using font: ArchivoBlack-Regular, size: 32.808834075927734
2025-06-20 09:13:28,957 - INFO - Successfully replaced 1 instances of '[NOM ET PRÉNOM DU PARTICIPANT]'
2025-06-20 09:13:28,958 - DEBUG - Extracted text properties: {'fontname': 'Anaktoria', 'fontsize': 24.001543045043945, 'color': 0}
2025-06-20 09:13:28,959 - WARNING - Error with custom font, using default: need font file or buffer
2025-06-20 09:13:28,960 - DEBUG - Replaced '[Numéro de token]' with 'olp-olimpia-xfp6s09' using font: Anaktoria, size: 24.001543045043945
2025-06-20 09:13:28,960 - INFO - Successfully replaced 1 instances of '[Numéro de token]'
2025-06-20 09:13:28,960 - DEBUG - Page 1: Name replaced: True, Token replaced: True
2025-06-20 09:13:28,961 - INFO - Generated certificate: IOAI_2025_Certificate_Mohamed_Diarra_olp-olimpia-xfp6s09.pdf
2025-06-20 09:13:28,961 - INFO - Generating certificate for: Mamadou Keïta (Token: olp-troia-bzp9j03)
2025-06-20 09:13:28,965 - DEBUG - Extracted text properties: {'fontname': 'ArchivoBlack-Regular', 'fontsize': 32.808834075927734, 'color': 11741488}
2025-06-20 09:13:28,966 - WARNING - Error with custom font, using default: need font file or buffer
2025-06-20 09:13:28,968 - DEBUG - Replaced '[NOM ET PRÉNOM DU PARTICIPANT]' with 'Mamadou Keïta' using font: ArchivoBlack-Regular, size: 32.808834075927734
2025-06-20 09:13:28,968 - INFO - Successfully replaced 1 instances of '[NOM ET PRÉNOM DU PARTICIPANT]'
2025-06-20 09:13:28,969 - DEBUG - Extracted text properties: {'fontname': 'Anaktoria', 'fontsize': 24.001543045043945, 'color': 0}
2025-06-20 09:13:28,970 - WARNING - Error with custom font, using default: need font file or buffer
2025-06-20 09:13:28,970 - DEBUG - Replaced '[Numéro de token]' with 'olp-troia-bzp9j03' using font: Anaktoria, size: 24.001543045043945
2025-06-20 09:13:28,970 - INFO - Successfully replaced 1 instances of '[Numéro de token]'
2025-06-20 09:13:28,970 - DEBUG - Page 1: Name replaced: True, Token replaced: True
2025-06-20 09:13:28,972 - INFO - Generated certificate: IOAI_2025_Certificate_Mamadou_Keïta_olp-troia-bzp9j03.pdf
2025-06-20 09:13:28,972 - INFO - Generating certificate for: Amina Oumar Traoré (Token: olp-corinto-xzr3t19)
2025-06-20 09:13:28,977 - DEBUG - Extracted text properties: {'fontname': 'ArchivoBlack-Regular', 'fontsize': 32.808834075927734, 'color': 11741488}
2025-06-20 09:13:28,978 - WARNING - Error with custom font, using default: need font file or buffer
2025-06-20 09:13:28,979 - DEBUG - Replaced '[NOM ET PRÉNOM DU PARTICIPANT]' with 'Amina Oumar Traoré' using font: ArchivoBlack-Regular, size: 32.808834075927734
2025-06-20 09:13:28,979 - INFO - Successfully replaced 1 instances of '[NOM ET PRÉNOM DU PARTICIPANT]'
2025-06-20 09:13:28,980 - DEBUG - Extracted text properties: {'fontname': 'Anaktoria', 'fontsize': 24.001543045043945, 'color': 0}
2025-06-20 09:13:28,981 - WARNING - Error with custom font, using default: need font file or buffer
2025-06-20 09:13:28,982 - DEBUG - Replaced '[Numéro de token]' with 'olp-corinto-xzr3t19' using font: Anaktoria, size: 24.001543045043945
2025-06-20 09:13:28,982 - INFO - Successfully replaced 1 instances of '[Numéro de token]'
2025-06-20 09:13:28,982 - DEBUG - Page 1: Name replaced: True, Token replaced: True
2025-06-20 09:13:28,983 - INFO - Generated certificate: IOAI_2025_Certificate_Amina_Oumar_Traoré_olp-corinto-xzr3t19.pdf
2025-06-20 09:13:28,983 - INFO - Generating certificate for: Mamadou Fofana (Token: olp-olimpia-yew0f79)
2025-06-20 09:13:28,988 - DEBUG - Extracted text properties: {'fontname': 'ArchivoBlack-Regular', 'fontsize': 32.808834075927734, 'color': 11741488}
2025-06-20 09:13:28,989 - WARNING - Error with custom font, using default: need font file or buffer
2025-06-20 09:13:28,990 - DEBUG - Replaced '[NOM ET PRÉNOM DU PARTICIPANT]' with 'Mamadou Fofana' using font: ArchivoBlack-Regular, size: 32.808834075927734
2025-06-20 09:13:28,990 - INFO - Successfully replaced 1 instances of '[NOM ET PRÉNOM DU PARTICIPANT]'
2025-06-20 09:13:28,991 - DEBUG - Extracted text properties: {'fontname': 'Anaktoria', 'fontsize': 24.001543045043945, 'color': 0}
2025-06-20 09:13:28,992 - WARNING - Error with custom font, using default: need font file or buffer
2025-06-20 09:13:28,993 - DEBUG - Replaced '[Numéro de token]' with 'olp-olimpia-yew0f79' using font: Anaktoria, size: 24.001543045043945
2025-06-20 09:13:28,993 - INFO - Successfully replaced 1 instances of '[Numéro de token]'
2025-06-20 09:13:28,993 - DEBUG - Page 1: Name replaced: True, Token replaced: True
2025-06-20 09:13:28,994 - INFO - Generated certificate: IOAI_2025_Certificate_Mamadou_Fofana_olp-olimpia-yew0f79.pdf
2025-06-20 09:13:28,994 - INFO - Generating certificate for: Idrissa Emanuel camara (Token: olp-maratona-qml0y05)
2025-06-20 09:13:28,999 - DEBUG - Extracted text properties: {'fontname': 'ArchivoBlack-Regular', 'fontsize': 32.808834075927734, 'color': 11741488}
2025-06-20 09:13:29,000 - WARNING - Error with custom font, using default: need font file or buffer
2025-06-20 09:13:29,001 - DEBUG - Replaced '[NOM ET PRÉNOM DU PARTICIPANT]' with 'Idrissa Emanuel camara' using font: ArchivoBlack-Regular, size: 32.808834075927734
2025-06-20 09:13:29,001 - INFO - Successfully replaced 1 instances of '[NOM ET PRÉNOM DU PARTICIPANT]'
2025-06-20 09:13:29,003 - DEBUG - Extracted text properties: {'fontname': 'Anaktoria', 'fontsize': 24.001543045043945, 'color': 0}
2025-06-20 09:13:29,003 - WARNING - Error with custom font, using default: need font file or buffer
2025-06-20 09:13:29,004 - DEBUG - Replaced '[Numéro de token]' with 'olp-maratona-qml0y05' using font: Anaktoria, size: 24.001543045043945
2025-06-20 09:13:29,004 - INFO - Successfully replaced 1 instances of '[Numéro de token]'
2025-06-20 09:13:29,004 - DEBUG - Page 1: Name replaced: True, Token replaced: True
2025-06-20 09:13:29,005 - INFO - Generated certificate: IOAI_2025_Certificate_Idrissa_Emanuel_camara_olp-maratona-qml0y05.pdf
2025-06-20 09:13:29,005 - INFO - Generating certificate for: Cheick Khalif Bilal GUINDO (Token: olp-corinto-qnx7n80)
2025-06-20 09:13:29,010 - DEBUG - Extracted text properties: {'fontname': 'ArchivoBlack-Regular', 'fontsize': 32.808834075927734, 'color': 11741488}
2025-06-20 09:13:29,011 - WARNING - Error with custom font, using default: need font file or buffer
2025-06-20 09:13:29,012 - DEBUG - Replaced '[NOM ET PRÉNOM DU PARTICIPANT]' with 'Cheick Khalif Bilal GUINDO' using font: ArchivoBlack-Regular, size: 32.808834075927734
2025-06-20 09:13:29,012 - INFO - Successfully replaced 1 instances of '[NOM ET PRÉNOM DU PARTICIPANT]'
2025-06-20 09:13:29,013 - DEBUG - Extracted text properties: {'fontname': 'Anaktoria', 'fontsize': 24.001543045043945, 'color': 0}
2025-06-20 09:13:29,014 - WARNING - Error with custom font, using default: need font file or buffer
2025-06-20 09:13:29,015 - DEBUG - Replaced '[Numéro de token]' with 'olp-corinto-qnx7n80' using font: Anaktoria, size: 24.001543045043945
2025-06-20 09:13:29,015 - INFO - Successfully replaced 1 instances of '[Numéro de token]'
2025-06-20 09:13:29,015 - DEBUG - Page 1: Name replaced: True, Token replaced: True
2025-06-20 09:13:29,016 - INFO - Generated certificate: IOAI_2025_Certificate_Cheick_Khalif_Bilal_GUINDO_olp-corinto-qnx7n80.pdf
2025-06-20 09:13:29,016 - INFO - Generating certificate for: Mamadou minthe (Token: olp-argos-ftl8n10)
2025-06-20 09:13:29,020 - DEBUG - Extracted text properties: {'fontname': 'ArchivoBlack-Regular', 'fontsize': 32.808834075927734, 'color': 11741488}
2025-06-20 09:13:29,021 - WARNING - Error with custom font, using default: need font file or buffer
2025-06-20 09:13:29,023 - DEBUG - Replaced '[NOM ET PRÉNOM DU PARTICIPANT]' with 'Mamadou minthe' using font: ArchivoBlack-Regular, size: 32.808834075927734
2025-06-20 09:13:29,023 - INFO - Successfully replaced 1 instances of '[NOM ET PRÉNOM DU PARTICIPANT]'
2025-06-20 09:13:29,024 - DEBUG - Extracted text properties: {'fontname': 'Anaktoria', 'fontsize': 24.001543045043945, 'color': 0}
2025-06-20 09:13:29,025 - WARNING - Error with custom font, using default: need font file or buffer
2025-06-20 09:13:29,025 - DEBUG - Replaced '[Numéro de token]' with 'olp-argos-ftl8n10' using font: Anaktoria, size: 24.001543045043945
2025-06-20 09:13:29,025 - INFO - Successfully replaced 1 instances of '[Numéro de token]'
2025-06-20 09:13:29,025 - DEBUG - Page 1: Name replaced: True, Token replaced: True
2025-06-20 09:13:29,029 - INFO - Generated certificate: IOAI_2025_Certificate_Mamadou_minthe_olp-argos-ftl8n10.pdf
2025-06-20 09:13:29,029 - INFO - Generating certificate for: Aïchata Théra (Token: olp-atenas-gqj1a12)
2025-06-20 09:13:29,034 - DEBUG - Extracted text properties: {'fontname': 'ArchivoBlack-Regular', 'fontsize': 32.808834075927734, 'color': 11741488}
2025-06-20 09:13:29,035 - WARNING - Error with custom font, using default: need font file or buffer
2025-06-20 09:13:29,036 - DEBUG - Replaced '[NOM ET PRÉNOM DU PARTICIPANT]' with 'Aïchata Théra' using font: ArchivoBlack-Regular, size: 32.808834075927734
2025-06-20 09:13:29,036 - INFO - Successfully replaced 1 instances of '[NOM ET PRÉNOM DU PARTICIPANT]'
2025-06-20 09:13:29,037 - DEBUG - Extracted text properties: {'fontname': 'Anaktoria', 'fontsize': 24.001543045043945, 'color': 0}
2025-06-20 09:13:29,038 - WARNING - Error with custom font, using default: need font file or buffer
2025-06-20 09:13:29,039 - DEBUG - Replaced '[Numéro de token]' with 'olp-atenas-gqj1a12' using font: Anaktoria, size: 24.001543045043945
2025-06-20 09:13:29,039 - INFO - Successfully replaced 1 instances of '[Numéro de token]'
2025-06-20 09:13:29,039 - DEBUG - Page 1: Name replaced: True, Token replaced: True
2025-06-20 09:13:29,040 - INFO - Generated certificate: IOAI_2025_Certificate_Aïchata_Théra_olp-atenas-gqj1a12.pdf
2025-06-20 09:13:29,040 - INFO - Generating certificate for: Boubacar Diam SANGARE (Token: olp-atenas-hld6q62)
2025-06-20 09:13:29,044 - DEBUG - Extracted text properties: {'fontname': 'ArchivoBlack-Regular', 'fontsize': 32.808834075927734, 'color': 11741488}
2025-06-20 09:13:29,045 - WARNING - Error with custom font, using default: need font file or buffer
2025-06-20 09:13:29,047 - DEBUG - Replaced '[NOM ET PRÉNOM DU PARTICIPANT]' with 'Boubacar Diam SANGARE' using font: ArchivoBlack-Regular, size: 32.808834075927734
2025-06-20 09:13:29,047 - INFO - Successfully replaced 1 instances of '[NOM ET PRÉNOM DU PARTICIPANT]'
2025-06-20 09:13:29,048 - DEBUG - Extracted text properties: {'fontname': 'Anaktoria', 'fontsize': 24.001543045043945, 'color': 0}
2025-06-20 09:13:29,049 - WARNING - Error with custom font, using default: need font file or buffer
2025-06-20 09:13:29,049 - DEBUG - Replaced '[Numéro de token]' with 'olp-atenas-hld6q62' using font: Anaktoria, size: 24.001543045043945
2025-06-20 09:13:29,049 - INFO - Successfully replaced 1 instances of '[Numéro de token]'
2025-06-20 09:13:29,049 - DEBUG - Page 1: Name replaced: True, Token replaced: True
2025-06-20 09:13:29,051 - INFO - Generated certificate: IOAI_2025_Certificate_Boubacar_Diam_SANGARE_olp-atenas-hld6q62.pdf
2025-06-20 09:13:29,051 - INFO - Generating certificate for: abdoulayenimaga (Token: olp-corinto-irs7l55)
2025-06-20 09:13:29,056 - DEBUG - Extracted text properties: {'fontname': 'ArchivoBlack-Regular', 'fontsize': 32.808834075927734, 'color': 11741488}
2025-06-20 09:13:29,057 - WARNING - Error with custom font, using default: need font file or buffer
2025-06-20 09:13:29,058 - DEBUG - Replaced '[NOM ET PRÉNOM DU PARTICIPANT]' with 'abdoulayenimaga' using font: ArchivoBlack-Regular, size: 32.808834075927734
2025-06-20 09:13:29,058 - INFO - Successfully replaced 1 instances of '[NOM ET PRÉNOM DU PARTICIPANT]'
2025-06-20 09:13:29,059 - DEBUG - Extracted text properties: {'fontname': 'Anaktoria', 'fontsize': 24.001543045043945, 'color': 0}
2025-06-20 09:13:29,060 - WARNING - Error with custom font, using default: need font file or buffer
2025-06-20 09:13:29,060 - DEBUG - Replaced '[Numéro de token]' with 'olp-corinto-irs7l55' using font: Anaktoria, size: 24.001543045043945
2025-06-20 09:13:29,060 - INFO - Successfully replaced 1 instances of '[Numéro de token]'
2025-06-20 09:13:29,060 - DEBUG - Page 1: Name replaced: True, Token replaced: True
2025-06-20 09:13:29,061 - INFO - Generated certificate: IOAI_2025_Certificate_abdoulayenimaga_olp-corinto-irs7l55.pdf
2025-06-20 09:13:29,062 - INFO - Generating certificate for: Illo cissoko (Token: olp-megara-zpt8z97)
2025-06-20 09:13:29,066 - DEBUG - Extracted text properties: {'fontname': 'ArchivoBlack-Regular', 'fontsize': 32.808834075927734, 'color': 11741488}
2025-06-20 09:13:29,067 - WARNING - Error with custom font, using default: need font file or buffer
2025-06-20 09:13:29,068 - DEBUG - Replaced '[NOM ET PRÉNOM DU PARTICIPANT]' with 'Illo cissoko' using font: ArchivoBlack-Regular, size: 32.808834075927734
2025-06-20 09:13:29,068 - INFO - Successfully replaced 1 instances of '[NOM ET PRÉNOM DU PARTICIPANT]'
2025-06-20 09:13:29,069 - DEBUG - Extracted text properties: {'fontname': 'Anaktoria', 'fontsize': 24.001543045043945, 'color': 0}
2025-06-20 09:13:29,070 - WARNING - Error with custom font, using default: need font file or buffer
2025-06-20 09:13:29,071 - DEBUG - Replaced '[Numéro de token]' with 'olp-megara-zpt8z97' using font: Anaktoria, size: 24.001543045043945
2025-06-20 09:13:29,071 - INFO - Successfully replaced 1 instances of '[Numéro de token]'
2025-06-20 09:13:29,071 - DEBUG - Page 1: Name replaced: True, Token replaced: True
2025-06-20 09:13:29,073 - INFO - Generated certificate: IOAI_2025_Certificate_Illo_cissoko_olp-megara-zpt8z97.pdf
2025-06-20 09:13:29,073 - INFO - Generating certificate for: Nana Siriki Keïta (Token: olp-atenas-vxs4x48)
2025-06-20 09:13:29,078 - DEBUG - Extracted text properties: {'fontname': 'ArchivoBlack-Regular', 'fontsize': 32.808834075927734, 'color': 11741488}
2025-06-20 09:13:29,079 - WARNING - Error with custom font, using default: need font file or buffer
2025-06-20 09:13:29,080 - DEBUG - Replaced '[NOM ET PRÉNOM DU PARTICIPANT]' with 'Nana Siriki Keïta' using font: ArchivoBlack-Regular, size: 32.808834075927734
2025-06-20 09:13:29,080 - INFO - Successfully replaced 1 instances of '[NOM ET PRÉNOM DU PARTICIPANT]'
2025-06-20 09:13:29,081 - DEBUG - Extracted text properties: {'fontname': 'Anaktoria', 'fontsize': 24.001543045043945, 'color': 0}
2025-06-20 09:13:29,082 - WARNING - Error with custom font, using default: need font file or buffer
2025-06-20 09:13:29,083 - DEBUG - Replaced '[Numéro de token]' with 'olp-atenas-vxs4x48' using font: Anaktoria, size: 24.001543045043945
2025-06-20 09:13:29,083 - INFO - Successfully replaced 1 instances of '[Numéro de token]'
2025-06-20 09:13:29,083 - DEBUG - Page 1: Name replaced: True, Token replaced: True
2025-06-20 09:13:29,086 - INFO - Generated certificate: IOAI_2025_Certificate_Nana_Siriki_Keïta_olp-atenas-vxs4x48.pdf
2025-06-20 09:13:29,086 - INFO - Generating certificate for: Youssouf Doukouré (Token: olp-creta-enu4q91)
2025-06-20 09:13:29,091 - DEBUG - Extracted text properties: {'fontname': 'ArchivoBlack-Regular', 'fontsize': 32.808834075927734, 'color': 11741488}
2025-06-20 09:13:29,091 - WARNING - Error with custom font, using default: need font file or buffer
2025-06-20 09:13:29,093 - DEBUG - Replaced '[NOM ET PRÉNOM DU PARTICIPANT]' with 'Youssouf Doukouré' using font: ArchivoBlack-Regular, size: 32.808834075927734
2025-06-20 09:13:29,093 - INFO - Successfully replaced 1 instances of '[NOM ET PRÉNOM DU PARTICIPANT]'
2025-06-20 09:13:29,094 - DEBUG - Extracted text properties: {'fontname': 'Anaktoria', 'fontsize': 24.001543045043945, 'color': 0}
2025-06-20 09:13:29,095 - WARNING - Error with custom font, using default: need font file or buffer
2025-06-20 09:13:29,095 - DEBUG - Replaced '[Numéro de token]' with 'olp-creta-enu4q91' using font: Anaktoria, size: 24.001543045043945
2025-06-20 09:13:29,095 - INFO - Successfully replaced 1 instances of '[Numéro de token]'
2025-06-20 09:13:29,095 - DEBUG - Page 1: Name replaced: True, Token replaced: True
2025-06-20 09:13:29,097 - INFO - Generated certificate: IOAI_2025_Certificate_Youssouf_Doukouré_olp-creta-enu4q91.pdf
2025-06-20 09:13:29,097 - INFO - Generating certificate for: Mahamane Toure (Token: olp-pergamo-zsn1n18)
2025-06-20 09:13:29,101 - DEBUG - Extracted text properties: {'fontname': 'ArchivoBlack-Regular', 'fontsize': 32.808834075927734, 'color': 11741488}
2025-06-20 09:13:29,102 - WARNING - Error with custom font, using default: need font file or buffer
2025-06-20 09:13:29,103 - DEBUG - Replaced '[NOM ET PRÉNOM DU PARTICIPANT]' with 'Mahamane Toure' using font: ArchivoBlack-Regular, size: 32.808834075927734
2025-06-20 09:13:29,103 - INFO - Successfully replaced 1 instances of '[NOM ET PRÉNOM DU PARTICIPANT]'
2025-06-20 09:13:29,104 - DEBUG - Extracted text properties: {'fontname': 'Anaktoria', 'fontsize': 24.001543045043945, 'color': 0}
2025-06-20 09:13:29,105 - WARNING - Error with custom font, using default: need font file or buffer
2025-06-20 09:13:29,106 - DEBUG - Replaced '[Numéro de token]' with 'olp-pergamo-zsn1n18' using font: Anaktoria, size: 24.001543045043945
2025-06-20 09:13:29,106 - INFO - Successfully replaced 1 instances of '[Numéro de token]'
2025-06-20 09:13:29,106 - DEBUG - Page 1: Name replaced: True, Token replaced: True
2025-06-20 09:13:29,107 - INFO - Generated certificate: IOAI_2025_Certificate_Mahamane_Toure_olp-pergamo-zsn1n18.pdf
2025-06-20 09:13:29,107 - INFO - Generating certificate for: Ibrahim Djimé Diakité (Token: olp-olimpia-vke7g27)
2025-06-20 09:13:29,112 - DEBUG - Extracted text properties: {'fontname': 'ArchivoBlack-Regular', 'fontsize': 32.808834075927734, 'color': 11741488}
2025-06-20 09:13:29,113 - WARNING - Error with custom font, using default: need font file or buffer
2025-06-20 09:13:29,114 - DEBUG - Replaced '[NOM ET PRÉNOM DU PARTICIPANT]' with 'Ibrahim Djimé Diakité' using font: ArchivoBlack-Regular, size: 32.808834075927734
2025-06-20 09:13:29,114 - INFO - Successfully replaced 1 instances of '[NOM ET PRÉNOM DU PARTICIPANT]'
2025-06-20 09:13:29,116 - DEBUG - Extracted text properties: {'fontname': 'Anaktoria', 'fontsize': 24.001543045043945, 'color': 0}
2025-06-20 09:13:29,116 - WARNING - Error with custom font, using default: need font file or buffer
2025-06-20 09:13:29,117 - DEBUG - Replaced '[Numéro de token]' with 'olp-olimpia-vke7g27' using font: Anaktoria, size: 24.001543045043945
2025-06-20 09:13:29,117 - INFO - Successfully replaced 1 instances of '[Numéro de token]'
2025-06-20 09:13:29,117 - DEBUG - Page 1: Name replaced: True, Token replaced: True
2025-06-20 09:13:29,118 - INFO - Generated certificate: IOAI_2025_Certificate_Ibrahim_Djimé_Diakité_olp-olimpia-vke7g27.pdf
2025-06-20 09:13:29,119 - INFO - Generating certificate for: Aliétou dite Coumba sidibé (Token: olp-maratona-scl5h92)
2025-06-20 09:13:29,123 - DEBUG - Extracted text properties: {'fontname': 'ArchivoBlack-Regular', 'fontsize': 32.808834075927734, 'color': 11741488}
2025-06-20 09:13:29,124 - WARNING - Error with custom font, using default: need font file or buffer
2025-06-20 09:13:29,125 - DEBUG - Replaced '[NOM ET PRÉNOM DU PARTICIPANT]' with 'Aliétou dite Coumba sidibé' using font: ArchivoBlack-Regular, size: 32.808834075927734
2025-06-20 09:13:29,125 - INFO - Successfully replaced 1 instances of '[NOM ET PRÉNOM DU PARTICIPANT]'
2025-06-20 09:13:29,127 - DEBUG - Extracted text properties: {'fontname': 'Anaktoria', 'fontsize': 24.001543045043945, 'color': 0}
2025-06-20 09:13:29,127 - WARNING - Error with custom font, using default: need font file or buffer
2025-06-20 09:13:29,128 - DEBUG - Replaced '[Numéro de token]' with 'olp-maratona-scl5h92' using font: Anaktoria, size: 24.001543045043945
2025-06-20 09:13:29,128 - INFO - Successfully replaced 1 instances of '[Numéro de token]'
2025-06-20 09:13:29,128 - DEBUG - Page 1: Name replaced: True, Token replaced: True
2025-06-20 09:13:29,129 - INFO - Generated certificate: IOAI_2025_Certificate_Aliétou_dite_Coumba_sidibé_olp-maratona-scl5h92.pdf
2025-06-20 09:13:29,129 - INFO - Generating certificate for: Ali Karim Bagayoko (Token: olp-esparta-ase1a41)
2025-06-20 09:13:29,134 - DEBUG - Extracted text properties: {'fontname': 'ArchivoBlack-Regular', 'fontsize': 32.808834075927734, 'color': 11741488}
2025-06-20 09:13:29,135 - WARNING - Error with custom font, using default: need font file or buffer
2025-06-20 09:13:29,136 - DEBUG - Replaced '[NOM ET PRÉNOM DU PARTICIPANT]' with 'Ali Karim Bagayoko' using font: ArchivoBlack-Regular, size: 32.808834075927734
2025-06-20 09:13:29,136 - INFO - Successfully replaced 1 instances of '[NOM ET PRÉNOM DU PARTICIPANT]'
2025-06-20 09:13:29,138 - DEBUG - Extracted text properties: {'fontname': 'Anaktoria', 'fontsize': 24.001543045043945, 'color': 0}
2025-06-20 09:13:29,138 - WARNING - Error with custom font, using default: need font file or buffer
2025-06-20 09:13:29,139 - DEBUG - Replaced '[Numéro de token]' with 'olp-esparta-ase1a41' using font: Anaktoria, size: 24.001543045043945
2025-06-20 09:13:29,139 - INFO - Successfully replaced 1 instances of '[Numéro de token]'
2025-06-20 09:13:29,139 - DEBUG - Page 1: Name replaced: True, Token replaced: True
2025-06-20 09:13:29,140 - INFO - Generated certificate: IOAI_2025_Certificate_Ali_Karim_Bagayoko_olp-esparta-ase1a41.pdf
2025-06-20 09:13:29,141 - INFO - Generating certificate for: Abdrahamane samaké (Token: olp-tebas-zro5a93)
2025-06-20 09:13:29,145 - DEBUG - Extracted text properties: {'fontname': 'ArchivoBlack-Regular', 'fontsize': 32.808834075927734, 'color': 11741488}
2025-06-20 09:13:29,146 - WARNING - Error with custom font, using default: need font file or buffer
2025-06-20 09:13:29,147 - DEBUG - Replaced '[NOM ET PRÉNOM DU PARTICIPANT]' with 'Abdrahamane samaké' using font: ArchivoBlack-Regular, size: 32.808834075927734
2025-06-20 09:13:29,147 - INFO - Successfully replaced 1 instances of '[NOM ET PRÉNOM DU PARTICIPANT]'
2025-06-20 09:13:29,148 - DEBUG - Extracted text properties: {'fontname': 'Anaktoria', 'fontsize': 24.001543045043945, 'color': 0}
2025-06-20 09:13:29,149 - WARNING - Error with custom font, using default: need font file or buffer
2025-06-20 09:13:29,150 - DEBUG - Replaced '[Numéro de token]' with 'olp-tebas-zro5a93' using font: Anaktoria, size: 24.001543045043945
2025-06-20 09:13:29,150 - INFO - Successfully replaced 1 instances of '[Numéro de token]'
2025-06-20 09:13:29,150 - DEBUG - Page 1: Name replaced: True, Token replaced: True
2025-06-20 09:13:29,151 - INFO - Generated certificate: IOAI_2025_Certificate_Abdrahamane_samaké_olp-tebas-zro5a93.pdf
2025-06-20 09:13:29,151 - INFO - Generating certificate for: TANGARA ABDOULAYE (Token: olp-corinto-enz4i18)
2025-06-20 09:13:29,156 - DEBUG - Extracted text properties: {'fontname': 'ArchivoBlack-Regular', 'fontsize': 32.808834075927734, 'color': 11741488}
2025-06-20 09:13:29,157 - WARNING - Error with custom font, using default: need font file or buffer
2025-06-20 09:13:29,158 - DEBUG - Replaced '[NOM ET PRÉNOM DU PARTICIPANT]' with 'TANGARA ABDOULAYE' using font: ArchivoBlack-Regular, size: 32.808834075927734
2025-06-20 09:13:29,158 - INFO - Successfully replaced 1 instances of '[NOM ET PRÉNOM DU PARTICIPANT]'
2025-06-20 09:13:29,159 - DEBUG - Extracted text properties: {'fontname': 'Anaktoria', 'fontsize': 24.001543045043945, 'color': 0}
2025-06-20 09:13:29,160 - WARNING - Error with custom font, using default: need font file or buffer
2025-06-20 09:13:29,160 - DEBUG - Replaced '[Numéro de token]' with 'olp-corinto-enz4i18' using font: Anaktoria, size: 24.001543045043945
2025-06-20 09:13:29,160 - INFO - Successfully replaced 1 instances of '[Numéro de token]'
2025-06-20 09:13:29,160 - DEBUG - Page 1: Name replaced: True, Token replaced: True
2025-06-20 09:13:29,161 - INFO - Generated certificate: IOAI_2025_Certificate_TANGARA_ABDOULAYE_olp-corinto-enz4i18.pdf
2025-06-20 09:13:29,162 - INFO - Generating certificate for: Nouh Aly BARRY (Token: olp-esparta-rvt5p89)
2025-06-20 09:13:29,166 - DEBUG - Extracted text properties: {'fontname': 'ArchivoBlack-Regular', 'fontsize': 32.808834075927734, 'color': 11741488}
2025-06-20 09:13:29,167 - WARNING - Error with custom font, using default: need font file or buffer
2025-06-20 09:13:29,168 - DEBUG - Replaced '[NOM ET PRÉNOM DU PARTICIPANT]' with 'Nouh Aly BARRY' using font: ArchivoBlack-Regular, size: 32.808834075927734
2025-06-20 09:13:29,168 - INFO - Successfully replaced 1 instances of '[NOM ET PRÉNOM DU PARTICIPANT]'
2025-06-20 09:13:29,169 - DEBUG - Extracted text properties: {'fontname': 'Anaktoria', 'fontsize': 24.001543045043945, 'color': 0}
2025-06-20 09:13:29,170 - WARNING - Error with custom font, using default: need font file or buffer
2025-06-20 09:13:29,171 - DEBUG - Replaced '[Numéro de token]' with 'olp-esparta-rvt5p89' using font: Anaktoria, size: 24.001543045043945
2025-06-20 09:13:29,171 - INFO - Successfully replaced 1 instances of '[Numéro de token]'
2025-06-20 09:13:29,171 - DEBUG - Page 1: Name replaced: True, Token replaced: True
2025-06-20 09:13:29,172 - INFO - Generated certificate: IOAI_2025_Certificate_Nouh_Aly_BARRY_olp-esparta-rvt5p89.pdf
2025-06-20 09:13:29,172 - INFO - Generating certificate for: Mohamed Maïga (Token: olp-pergamo-qtp4h04)
2025-06-20 09:13:29,179 - DEBUG - Extracted text properties: {'fontname': 'ArchivoBlack-Regular', 'fontsize': 32.808834075927734, 'color': 11741488}
2025-06-20 09:13:29,180 - WARNING - Error with custom font, using default: need font file or buffer
2025-06-20 09:13:29,181 - DEBUG - Replaced '[NOM ET PRÉNOM DU PARTICIPANT]' with 'Mohamed Maïga' using font: ArchivoBlack-Regular, size: 32.808834075927734
2025-06-20 09:13:29,181 - INFO - Successfully replaced 1 instances of '[NOM ET PRÉNOM DU PARTICIPANT]'
2025-06-20 09:13:29,183 - DEBUG - Extracted text properties: {'fontname': 'Anaktoria', 'fontsize': 24.001543045043945, 'color': 0}
2025-06-20 09:13:29,183 - WARNING - Error with custom font, using default: need font file or buffer
2025-06-20 09:13:29,184 - DEBUG - Replaced '[Numéro de token]' with 'olp-pergamo-qtp4h04' using font: Anaktoria, size: 24.001543045043945
2025-06-20 09:13:29,184 - INFO - Successfully replaced 1 instances of '[Numéro de token]'
2025-06-20 09:13:29,184 - DEBUG - Page 1: Name replaced: True, Token replaced: True
2025-06-20 09:13:29,186 - INFO - Generated certificate: IOAI_2025_Certificate_Mohamed_Maïga_olp-pergamo-qtp4h04.pdf
2025-06-20 09:13:29,186 - INFO - Generating certificate for: Boubou Sacko (Token: olp-corinto-gdh4g19)
2025-06-20 09:13:29,192 - DEBUG - Extracted text properties: {'fontname': 'ArchivoBlack-Regular', 'fontsize': 32.808834075927734, 'color': 11741488}
2025-06-20 09:13:29,192 - WARNING - Error with custom font, using default: need font file or buffer
2025-06-20 09:13:29,194 - DEBUG - Replaced '[NOM ET PRÉNOM DU PARTICIPANT]' with 'Boubou Sacko' using font: ArchivoBlack-Regular, size: 32.808834075927734
2025-06-20 09:13:29,194 - INFO - Successfully replaced 1 instances of '[NOM ET PRÉNOM DU PARTICIPANT]'
2025-06-20 09:13:29,195 - DEBUG - Extracted text properties: {'fontname': 'Anaktoria', 'fontsize': 24.001543045043945, 'color': 0}
2025-06-20 09:13:29,196 - WARNING - Error with custom font, using default: need font file or buffer
2025-06-20 09:13:29,196 - DEBUG - Replaced '[Numéro de token]' with 'olp-corinto-gdh4g19' using font: Anaktoria, size: 24.001543045043945
2025-06-20 09:13:29,196 - INFO - Successfully replaced 1 instances of '[Numéro de token]'
2025-06-20 09:13:29,196 - DEBUG - Page 1: Name replaced: True, Token replaced: True
2025-06-20 09:13:29,198 - INFO - Generated certificate: IOAI_2025_Certificate_Boubou_Sacko_olp-corinto-gdh4g19.pdf
2025-06-20 09:13:29,198 - INFO - Generating certificate for: Oumou Bocoum (Token: olp-delfos-uyt3y89)
2025-06-20 09:13:29,202 - DEBUG - Extracted text properties: {'fontname': 'ArchivoBlack-Regular', 'fontsize': 32.808834075927734, 'color': 11741488}
2025-06-20 09:13:29,203 - WARNING - Error with custom font, using default: need font file or buffer
2025-06-20 09:13:29,204 - DEBUG - Replaced '[NOM ET PRÉNOM DU PARTICIPANT]' with 'Oumou Bocoum' using font: ArchivoBlack-Regular, size: 32.808834075927734
2025-06-20 09:13:29,204 - INFO - Successfully replaced 1 instances of '[NOM ET PRÉNOM DU PARTICIPANT]'
2025-06-20 09:13:29,205 - DEBUG - Extracted text properties: {'fontname': 'Anaktoria', 'fontsize': 24.001543045043945, 'color': 0}
2025-06-20 09:13:29,206 - WARNING - Error with custom font, using default: need font file or buffer
2025-06-20 09:13:29,207 - DEBUG - Replaced '[Numéro de token]' with 'olp-delfos-uyt3y89' using font: Anaktoria, size: 24.001543045043945
2025-06-20 09:13:29,207 - INFO - Successfully replaced 1 instances of '[Numéro de token]'
2025-06-20 09:13:29,207 - DEBUG - Page 1: Name replaced: True, Token replaced: True
2025-06-20 09:13:29,208 - INFO - Generated certificate: IOAI_2025_Certificate_Oumou_Bocoum_olp-delfos-uyt3y89.pdf
2025-06-20 09:13:29,208 - INFO - Generating certificate for: Oumar Diakite (Token: olp-creta-une0f60)
2025-06-20 09:13:29,213 - DEBUG - Extracted text properties: {'fontname': 'ArchivoBlack-Regular', 'fontsize': 32.808834075927734, 'color': 11741488}
2025-06-20 09:13:29,214 - WARNING - Error with custom font, using default: need font file or buffer
2025-06-20 09:13:29,215 - DEBUG - Replaced '[NOM ET PRÉNOM DU PARTICIPANT]' with 'Oumar Diakite' using font: ArchivoBlack-Regular, size: 32.808834075927734
2025-06-20 09:13:29,215 - INFO - Successfully replaced 1 instances of '[NOM ET PRÉNOM DU PARTICIPANT]'
2025-06-20 09:13:29,216 - DEBUG - Extracted text properties: {'fontname': 'Anaktoria', 'fontsize': 24.001543045043945, 'color': 0}
2025-06-20 09:13:29,217 - WARNING - Error with custom font, using default: need font file or buffer
2025-06-20 09:13:29,218 - DEBUG - Replaced '[Numéro de token]' with 'olp-creta-une0f60' using font: Anaktoria, size: 24.001543045043945
2025-06-20 09:13:29,218 - INFO - Successfully replaced 1 instances of '[Numéro de token]'
2025-06-20 09:13:29,218 - DEBUG - Page 1: Name replaced: True, Token replaced: True
2025-06-20 09:13:29,219 - INFO - Generated certificate: IOAI_2025_Certificate_Oumar_Diakite_olp-creta-une0f60.pdf
2025-06-20 09:13:29,219 - INFO - Generating certificate for: Mamadou sissoko (Token: olp-delfos-exv9b92)
2025-06-20 09:13:29,224 - DEBUG - Extracted text properties: {'fontname': 'ArchivoBlack-Regular', 'fontsize': 32.808834075927734, 'color': 11741488}
2025-06-20 09:13:29,225 - WARNING - Error with custom font, using default: need font file or buffer
2025-06-20 09:13:29,226 - DEBUG - Replaced '[NOM ET PRÉNOM DU PARTICIPANT]' with 'Mamadou sissoko' using font: ArchivoBlack-Regular, size: 32.808834075927734
2025-06-20 09:13:29,226 - INFO - Successfully replaced 1 instances of '[NOM ET PRÉNOM DU PARTICIPANT]'
2025-06-20 09:13:29,227 - DEBUG - Extracted text properties: {'fontname': 'Anaktoria', 'fontsize': 24.001543045043945, 'color': 0}
2025-06-20 09:13:29,228 - WARNING - Error with custom font, using default: need font file or buffer
2025-06-20 09:13:29,229 - DEBUG - Replaced '[Numéro de token]' with 'olp-delfos-exv9b92' using font: Anaktoria, size: 24.001543045043945
2025-06-20 09:13:29,229 - INFO - Successfully replaced 1 instances of '[Numéro de token]'
2025-06-20 09:13:29,229 - DEBUG - Page 1: Name replaced: True, Token replaced: True
2025-06-20 09:13:29,230 - INFO - Generated certificate: IOAI_2025_Certificate_Mamadou_sissoko_olp-delfos-exv9b92.pdf
2025-06-20 09:13:29,230 - INFO - Generating certificate for: Mariam Sanogo (Token: olp-micenas-siy6e10)
2025-06-20 09:13:29,234 - DEBUG - Extracted text properties: {'fontname': 'ArchivoBlack-Regular', 'fontsize': 32.808834075927734, 'color': 11741488}
2025-06-20 09:13:29,235 - WARNING - Error with custom font, using default: need font file or buffer
2025-06-20 09:13:29,237 - DEBUG - Replaced '[NOM ET PRÉNOM DU PARTICIPANT]' with 'Mariam Sanogo' using font: ArchivoBlack-Regular, size: 32.808834075927734
2025-06-20 09:13:29,237 - INFO - Successfully replaced 1 instances of '[NOM ET PRÉNOM DU PARTICIPANT]'
2025-06-20 09:13:29,238 - DEBUG - Extracted text properties: {'fontname': 'Anaktoria', 'fontsize': 24.001543045043945, 'color': 0}
2025-06-20 09:13:29,239 - WARNING - Error with custom font, using default: need font file or buffer
2025-06-20 09:13:29,240 - DEBUG - Replaced '[Numéro de token]' with 'olp-micenas-siy6e10' using font: Anaktoria, size: 24.001543045043945
2025-06-20 09:13:29,240 - INFO - Successfully replaced 1 instances of '[Numéro de token]'
2025-06-20 09:13:29,240 - DEBUG - Page 1: Name replaced: True, Token replaced: True
2025-06-20 09:13:29,241 - INFO - Generated certificate: IOAI_2025_Certificate_Mariam_Sanogo_olp-micenas-siy6e10.pdf
2025-06-20 09:13:29,241 - INFO - Generating certificate for: Kadidiatou Thienta (Token: olp-corinto-tyn7m26)
2025-06-20 09:13:29,245 - DEBUG - Extracted text properties: {'fontname': 'ArchivoBlack-Regular', 'fontsize': 32.808834075927734, 'color': 11741488}
2025-06-20 09:13:29,246 - WARNING - Error with custom font, using default: need font file or buffer
2025-06-20 09:13:29,247 - DEBUG - Replaced '[NOM ET PRÉNOM DU PARTICIPANT]' with 'Kadidiatou Thienta' using font: ArchivoBlack-Regular, size: 32.808834075927734
2025-06-20 09:13:29,247 - INFO - Successfully replaced 1 instances of '[NOM ET PRÉNOM DU PARTICIPANT]'
2025-06-20 09:13:29,249 - DEBUG - Extracted text properties: {'fontname': 'Anaktoria', 'fontsize': 24.001543045043945, 'color': 0}
2025-06-20 09:13:29,249 - WARNING - Error with custom font, using default: need font file or buffer
2025-06-20 09:13:29,250 - DEBUG - Replaced '[Numéro de token]' with 'olp-corinto-tyn7m26' using font: Anaktoria, size: 24.001543045043945
2025-06-20 09:13:29,250 - INFO - Successfully replaced 1 instances of '[Numéro de token]'
2025-06-20 09:13:29,250 - DEBUG - Page 1: Name replaced: True, Token replaced: True
2025-06-20 09:13:29,251 - INFO - Generated certificate: IOAI_2025_Certificate_Kadidiatou_Thienta_olp-corinto-tyn7m26.pdf
2025-06-20 09:13:29,252 - INFO - Generating certificate for: Seydou Diafra Diallo (Token: olp-esparta-kfu6a58)
2025-06-20 09:13:29,256 - DEBUG - Extracted text properties: {'fontname': 'ArchivoBlack-Regular', 'fontsize': 32.808834075927734, 'color': 11741488}
2025-06-20 09:13:29,257 - WARNING - Error with custom font, using default: need font file or buffer
2025-06-20 09:13:29,258 - DEBUG - Replaced '[NOM ET PRÉNOM DU PARTICIPANT]' with 'Seydou Diafra Diallo' using font: ArchivoBlack-Regular, size: 32.808834075927734
2025-06-20 09:13:29,258 - INFO - Successfully replaced 1 instances of '[NOM ET PRÉNOM DU PARTICIPANT]'
2025-06-20 09:13:29,259 - DEBUG - Extracted text properties: {'fontname': 'Anaktoria', 'fontsize': 24.001543045043945, 'color': 0}
2025-06-20 09:13:29,260 - WARNING - Error with custom font, using default: need font file or buffer
2025-06-20 09:13:29,261 - DEBUG - Replaced '[Numéro de token]' with 'olp-esparta-kfu6a58' using font: Anaktoria, size: 24.001543045043945
2025-06-20 09:13:29,261 - INFO - Successfully replaced 1 instances of '[Numéro de token]'
2025-06-20 09:13:29,261 - DEBUG - Page 1: Name replaced: True, Token replaced: True
2025-06-20 09:13:29,262 - INFO - Generated certificate: IOAI_2025_Certificate_Seydou_Diafra_Diallo_olp-esparta-kfu6a58.pdf
2025-06-20 09:13:29,262 - INFO - Generating certificate for: Aboubacar Diarra (Token: olp-micenas-bmy8i07)
2025-06-20 09:13:29,266 - DEBUG - Extracted text properties: {'fontname': 'ArchivoBlack-Regular', 'fontsize': 32.808834075927734, 'color': 11741488}
2025-06-20 09:13:29,267 - WARNING - Error with custom font, using default: need font file or buffer
2025-06-20 09:13:29,269 - DEBUG - Replaced '[NOM ET PRÉNOM DU PARTICIPANT]' with 'Aboubacar Diarra' using font: ArchivoBlack-Regular, size: 32.808834075927734
2025-06-20 09:13:29,269 - INFO - Successfully replaced 1 instances of '[NOM ET PRÉNOM DU PARTICIPANT]'
2025-06-20 09:13:29,270 - DEBUG - Extracted text properties: {'fontname': 'Anaktoria', 'fontsize': 24.001543045043945, 'color': 0}
2025-06-20 09:13:29,271 - WARNING - Error with custom font, using default: need font file or buffer
2025-06-20 09:13:29,271 - DEBUG - Replaced '[Numéro de token]' with 'olp-micenas-bmy8i07' using font: Anaktoria, size: 24.001543045043945
2025-06-20 09:13:29,271 - INFO - Successfully replaced 1 instances of '[Numéro de token]'
2025-06-20 09:13:29,271 - DEBUG - Page 1: Name replaced: True, Token replaced: True
2025-06-20 09:13:29,273 - INFO - Generated certificate: IOAI_2025_Certificate_Aboubacar_Diarra_olp-micenas-bmy8i07.pdf
2025-06-20 09:13:29,273 - INFO - Generating certificate for: Ibrahima Manian Diarra (Token: olp-tebas-yqu5h18)
2025-06-20 09:13:29,279 - DEBUG - Extracted text properties: {'fontname': 'ArchivoBlack-Regular', 'fontsize': 32.808834075927734, 'color': 11741488}
2025-06-20 09:13:29,280 - WARNING - Error with custom font, using default: need font file or buffer
2025-06-20 09:13:29,281 - DEBUG - Replaced '[NOM ET PRÉNOM DU PARTICIPANT]' with 'Ibrahima Manian Diarra' using font: ArchivoBlack-Regular, size: 32.808834075927734
2025-06-20 09:13:29,281 - INFO - Successfully replaced 1 instances of '[NOM ET PRÉNOM DU PARTICIPANT]'
2025-06-20 09:13:29,282 - DEBUG - Extracted text properties: {'fontname': 'Anaktoria', 'fontsize': 24.001543045043945, 'color': 0}
2025-06-20 09:13:29,283 - WARNING - Error with custom font, using default: need font file or buffer
2025-06-20 09:13:29,284 - DEBUG - Replaced '[Numéro de token]' with 'olp-tebas-yqu5h18' using font: Anaktoria, size: 24.001543045043945
2025-06-20 09:13:29,284 - INFO - Successfully replaced 1 instances of '[Numéro de token]'
2025-06-20 09:13:29,284 - DEBUG - Page 1: Name replaced: True, Token replaced: True
2025-06-20 09:13:29,288 - INFO - Generated certificate: IOAI_2025_Certificate_Ibrahima_Manian_Diarra_olp-tebas-yqu5h18.pdf
2025-06-20 09:13:29,288 - INFO - Generating certificate for: Fatoumata Sidibé (Token: olp-maratona-dkh4s21)
2025-06-20 09:13:29,297 - DEBUG - Extracted text properties: {'fontname': 'ArchivoBlack-Regular', 'fontsize': 32.808834075927734, 'color': 11741488}
2025-06-20 09:13:29,298 - WARNING - Error with custom font, using default: need font file or buffer
2025-06-20 09:13:29,299 - DEBUG - Replaced '[NOM ET PRÉNOM DU PARTICIPANT]' with 'Fatoumata Sidibé' using font: ArchivoBlack-Regular, size: 32.808834075927734
2025-06-20 09:13:29,299 - INFO - Successfully replaced 1 instances of '[NOM ET PRÉNOM DU PARTICIPANT]'
2025-06-20 09:13:29,300 - DEBUG - Extracted text properties: {'fontname': 'Anaktoria', 'fontsize': 24.001543045043945, 'color': 0}
2025-06-20 09:13:29,301 - WARNING - Error with custom font, using default: need font file or buffer
2025-06-20 09:13:29,302 - DEBUG - Replaced '[Numéro de token]' with 'olp-maratona-dkh4s21' using font: Anaktoria, size: 24.001543045043945
2025-06-20 09:13:29,302 - INFO - Successfully replaced 1 instances of '[Numéro de token]'
2025-06-20 09:13:29,302 - DEBUG - Page 1: Name replaced: True, Token replaced: True
2025-06-20 09:13:29,303 - INFO - Generated certificate: IOAI_2025_Certificate_Fatoumata_Sidibé_olp-maratona-dkh4s21.pdf
2025-06-20 09:13:29,303 - INFO - Generating certificate for: Fatoumata Kopama THIENTA (Token: olp-tebas-wpz7x20)
2025-06-20 09:13:29,307 - DEBUG - Extracted text properties: {'fontname': 'ArchivoBlack-Regular', 'fontsize': 32.808834075927734, 'color': 11741488}
2025-06-20 09:13:29,308 - WARNING - Error with custom font, using default: need font file or buffer
2025-06-20 09:13:29,309 - DEBUG - Replaced '[NOM ET PRÉNOM DU PARTICIPANT]' with 'Fatoumata Kopama THIENTA' using font: ArchivoBlack-Regular, size: 32.808834075927734
2025-06-20 09:13:29,309 - INFO - Successfully replaced 1 instances of '[NOM ET PRÉNOM DU PARTICIPANT]'
2025-06-20 09:13:29,311 - DEBUG - Extracted text properties: {'fontname': 'Anaktoria', 'fontsize': 24.001543045043945, 'color': 0}
2025-06-20 09:13:29,311 - WARNING - Error with custom font, using default: need font file or buffer
2025-06-20 09:13:29,312 - DEBUG - Replaced '[Numéro de token]' with 'olp-tebas-wpz7x20' using font: Anaktoria, size: 24.001543045043945
2025-06-20 09:13:29,312 - INFO - Successfully replaced 1 instances of '[Numéro de token]'
2025-06-20 09:13:29,312 - DEBUG - Page 1: Name replaced: True, Token replaced: True
2025-06-20 09:13:29,313 - INFO - Generated certificate: IOAI_2025_Certificate_Fatoumata_Kopama_THIENTA_olp-tebas-wpz7x20.pdf
2025-06-20 09:13:29,313 - INFO - Generating certificate for: Alfousséni Mambé Soumaré (Token: olp-esparta-hzc8p57)
2025-06-20 09:13:29,318 - DEBUG - Extracted text properties: {'fontname': 'ArchivoBlack-Regular', 'fontsize': 32.808834075927734, 'color': 11741488}
2025-06-20 09:13:29,319 - WARNING - Error with custom font, using default: need font file or buffer
2025-06-20 09:13:29,320 - DEBUG - Replaced '[NOM ET PRÉNOM DU PARTICIPANT]' with 'Alfousséni Mambé Soumaré' using font: ArchivoBlack-Regular, size: 32.808834075927734
2025-06-20 09:13:29,320 - INFO - Successfully replaced 1 instances of '[NOM ET PRÉNOM DU PARTICIPANT]'
2025-06-20 09:13:29,321 - DEBUG - Extracted text properties: {'fontname': 'Anaktoria', 'fontsize': 24.001543045043945, 'color': 0}
2025-06-20 09:13:29,322 - WARNING - Error with custom font, using default: need font file or buffer
2025-06-20 09:13:29,322 - DEBUG - Replaced '[Numéro de token]' with 'olp-esparta-hzc8p57' using font: Anaktoria, size: 24.001543045043945
2025-06-20 09:13:29,323 - INFO - Successfully replaced 1 instances of '[Numéro de token]'
2025-06-20 09:13:29,323 - DEBUG - Page 1: Name replaced: True, Token replaced: True
2025-06-20 09:13:29,324 - INFO - Generated certificate: IOAI_2025_Certificate_Alfousséni_Mambé_Soumaré_olp-esparta-hzc8p57.pdf
2025-06-20 09:13:29,324 - INFO - Generating certificate for: Hawa Diallo (Token: olp-argos-yvr3t43)
2025-06-20 09:13:29,329 - DEBUG - Extracted text properties: {'fontname': 'ArchivoBlack-Regular', 'fontsize': 32.808834075927734, 'color': 11741488}
2025-06-20 09:13:29,330 - WARNING - Error with custom font, using default: need font file or buffer
2025-06-20 09:13:29,331 - DEBUG - Replaced '[NOM ET PRÉNOM DU PARTICIPANT]' with 'Hawa Diallo' using font: ArchivoBlack-Regular, size: 32.808834075927734
2025-06-20 09:13:29,331 - INFO - Successfully replaced 1 instances of '[NOM ET PRÉNOM DU PARTICIPANT]'
2025-06-20 09:13:29,332 - DEBUG - Extracted text properties: {'fontname': 'Anaktoria', 'fontsize': 24.001543045043945, 'color': 0}
2025-06-20 09:13:29,333 - WARNING - Error with custom font, using default: need font file or buffer
2025-06-20 09:13:29,334 - DEBUG - Replaced '[Numéro de token]' with 'olp-argos-yvr3t43' using font: Anaktoria, size: 24.001543045043945
2025-06-20 09:13:29,334 - INFO - Successfully replaced 1 instances of '[Numéro de token]'
2025-06-20 09:13:29,334 - DEBUG - Page 1: Name replaced: True, Token replaced: True
2025-06-20 09:13:29,335 - INFO - Generated certificate: IOAI_2025_Certificate_Hawa_Diallo_olp-argos-yvr3t43.pdf
2025-06-20 09:13:29,335 - INFO - Generating certificate for: Cheick Hamala GUEYE (Token: olp-argos-fcu7v35)
2025-06-20 09:13:29,340 - DEBUG - Extracted text properties: {'fontname': 'ArchivoBlack-Regular', 'fontsize': 32.808834075927734, 'color': 11741488}
2025-06-20 09:13:29,341 - WARNING - Error with custom font, using default: need font file or buffer
2025-06-20 09:13:29,342 - DEBUG - Replaced '[NOM ET PRÉNOM DU PARTICIPANT]' with 'Cheick Hamala GUEYE' using font: ArchivoBlack-Regular, size: 32.808834075927734
2025-06-20 09:13:29,342 - INFO - Successfully replaced 1 instances of '[NOM ET PRÉNOM DU PARTICIPANT]'
2025-06-20 09:13:29,343 - DEBUG - Extracted text properties: {'fontname': 'Anaktoria', 'fontsize': 24.001543045043945, 'color': 0}
2025-06-20 09:13:29,344 - WARNING - Error with custom font, using default: need font file or buffer
2025-06-20 09:13:29,344 - DEBUG - Replaced '[Numéro de token]' with 'olp-argos-fcu7v35' using font: Anaktoria, size: 24.001543045043945
2025-06-20 09:13:29,344 - INFO - Successfully replaced 1 instances of '[Numéro de token]'
2025-06-20 09:13:29,344 - DEBUG - Page 1: Name replaced: True, Token replaced: True
2025-06-20 09:13:29,345 - INFO - Generated certificate: IOAI_2025_Certificate_Cheick_Hamala_GUEYE_olp-argos-fcu7v35.pdf
2025-06-20 09:13:29,346 - INFO - Generating certificate for: Moussa Traoré (Token: olp-argos-fbh9e65)
2025-06-20 09:13:29,352 - DEBUG - Extracted text properties: {'fontname': 'ArchivoBlack-Regular', 'fontsize': 32.808834075927734, 'color': 11741488}
2025-06-20 09:13:29,352 - WARNING - Error with custom font, using default: need font file or buffer
2025-06-20 09:13:29,354 - DEBUG - Replaced '[NOM ET PRÉNOM DU PARTICIPANT]' with 'Moussa Traoré' using font: ArchivoBlack-Regular, size: 32.808834075927734
2025-06-20 09:13:29,354 - INFO - Successfully replaced 1 instances of '[NOM ET PRÉNOM DU PARTICIPANT]'
2025-06-20 09:13:29,355 - DEBUG - Extracted text properties: {'fontname': 'Anaktoria', 'fontsize': 24.001543045043945, 'color': 0}
2025-06-20 09:13:29,356 - WARNING - Error with custom font, using default: need font file or buffer
2025-06-20 09:13:29,356 - DEBUG - Replaced '[Numéro de token]' with 'olp-argos-fbh9e65' using font: Anaktoria, size: 24.001543045043945
2025-06-20 09:13:29,356 - INFO - Successfully replaced 1 instances of '[Numéro de token]'
2025-06-20 09:13:29,356 - DEBUG - Page 1: Name replaced: True, Token replaced: True
2025-06-20 09:13:29,358 - INFO - Generated certificate: IOAI_2025_Certificate_Moussa_Traoré_olp-argos-fbh9e65.pdf
2025-06-20 09:13:29,358 - INFO - Generating certificate for: Mariam Dembélé (Token: olp-delfos-iuz6h64)
2025-06-20 09:13:29,362 - DEBUG - Extracted text properties: {'fontname': 'ArchivoBlack-Regular', 'fontsize': 32.808834075927734, 'color': 11741488}
2025-06-20 09:13:29,363 - WARNING - Error with custom font, using default: need font file or buffer
2025-06-20 09:13:29,364 - DEBUG - Replaced '[NOM ET PRÉNOM DU PARTICIPANT]' with 'Mariam Dembélé' using font: ArchivoBlack-Regular, size: 32.808834075927734
2025-06-20 09:13:29,364 - INFO - Successfully replaced 1 instances of '[NOM ET PRÉNOM DU PARTICIPANT]'
2025-06-20 09:13:29,366 - DEBUG - Extracted text properties: {'fontname': 'Anaktoria', 'fontsize': 24.001543045043945, 'color': 0}
2025-06-20 09:13:29,366 - WARNING - Error with custom font, using default: need font file or buffer
2025-06-20 09:13:29,367 - DEBUG - Replaced '[Numéro de token]' with 'olp-delfos-iuz6h64' using font: Anaktoria, size: 24.001543045043945
2025-06-20 09:13:29,367 - INFO - Successfully replaced 1 instances of '[Numéro de token]'
2025-06-20 09:13:29,367 - DEBUG - Page 1: Name replaced: True, Token replaced: True
2025-06-20 09:13:29,368 - INFO - Generated certificate: IOAI_2025_Certificate_Mariam_Dembélé_olp-delfos-iuz6h64.pdf
2025-06-20 09:13:29,368 - INFO - Generating certificate for: Bintou Zoumana Ouattara (Token: olp-micenas-dsz6i80)
2025-06-20 09:13:29,373 - DEBUG - Extracted text properties: {'fontname': 'ArchivoBlack-Regular', 'fontsize': 32.808834075927734, 'color': 11741488}
2025-06-20 09:13:29,374 - WARNING - Error with custom font, using default: need font file or buffer
2025-06-20 09:13:29,375 - DEBUG - Replaced '[NOM ET PRÉNOM DU PARTICIPANT]' with 'Bintou Zoumana Ouattara' using font: ArchivoBlack-Regular, size: 32.808834075927734
2025-06-20 09:13:29,375 - INFO - Successfully replaced 1 instances of '[NOM ET PRÉNOM DU PARTICIPANT]'
2025-06-20 09:13:29,376 - DEBUG - Extracted text properties: {'fontname': 'Anaktoria', 'fontsize': 24.001543045043945, 'color': 0}
2025-06-20 09:13:29,377 - WARNING - Error with custom font, using default: need font file or buffer
2025-06-20 09:13:29,377 - DEBUG - Replaced '[Numéro de token]' with 'olp-micenas-dsz6i80' using font: Anaktoria, size: 24.001543045043945
2025-06-20 09:13:29,377 - INFO - Successfully replaced 1 instances of '[Numéro de token]'
2025-06-20 09:13:29,377 - DEBUG - Page 1: Name replaced: True, Token replaced: True
2025-06-20 09:13:29,379 - INFO - Generated certificate: IOAI_2025_Certificate_Bintou_Zoumana_Ouattara_olp-micenas-dsz6i80.pdf
2025-06-20 09:13:29,379 - INFO - Generating certificate for: Aichatou dite Issi Coulibaly (Token: olp-maratona-zbl4q30)
2025-06-20 09:13:29,383 - DEBUG - Extracted text properties: {'fontname': 'ArchivoBlack-Regular', 'fontsize': 32.808834075927734, 'color': 11741488}
2025-06-20 09:13:29,384 - WARNING - Error with custom font, using default: need font file or buffer
2025-06-20 09:13:29,385 - DEBUG - Replaced '[NOM ET PRÉNOM DU PARTICIPANT]' with 'Aichatou dite Issi Coulibaly' using font: ArchivoBlack-Regular, size: 32.808834075927734
2025-06-20 09:13:29,385 - INFO - Successfully replaced 1 instances of '[NOM ET PRÉNOM DU PARTICIPANT]'
2025-06-20 09:13:29,387 - DEBUG - Extracted text properties: {'fontname': 'Anaktoria', 'fontsize': 24.001543045043945, 'color': 0}
2025-06-20 09:13:29,389 - WARNING - Error with custom font, using default: need font file or buffer
2025-06-20 09:13:29,390 - DEBUG - Replaced '[Numéro de token]' with 'olp-maratona-zbl4q30' using font: Anaktoria, size: 24.001543045043945
2025-06-20 09:13:29,390 - INFO - Successfully replaced 1 instances of '[Numéro de token]'
2025-06-20 09:13:29,390 - DEBUG - Page 1: Name replaced: True, Token replaced: True
2025-06-20 09:13:29,392 - INFO - Generated certificate: IOAI_2025_Certificate_Aichatou_dite_Issi_Coulibaly_olp-maratona-zbl4q30.pdf
2025-06-20 09:13:29,392 - INFO - Generating certificate for: Alfoussein Ballo (Token: olp-tebas-pbw6k15)
2025-06-20 09:13:29,397 - DEBUG - Extracted text properties: {'fontname': 'ArchivoBlack-Regular', 'fontsize': 32.808834075927734, 'color': 11741488}
2025-06-20 09:13:29,398 - WARNING - Error with custom font, using default: need font file or buffer
2025-06-20 09:13:29,399 - DEBUG - Replaced '[NOM ET PRÉNOM DU PARTICIPANT]' with 'Alfoussein Ballo' using font: ArchivoBlack-Regular, size: 32.808834075927734
2025-06-20 09:13:29,399 - INFO - Successfully replaced 1 instances of '[NOM ET PRÉNOM DU PARTICIPANT]'
2025-06-20 09:13:29,400 - DEBUG - Extracted text properties: {'fontname': 'Anaktoria', 'fontsize': 24.001543045043945, 'color': 0}
2025-06-20 09:13:29,401 - WARNING - Error with custom font, using default: need font file or buffer
2025-06-20 09:13:29,402 - DEBUG - Replaced '[Numéro de token]' with 'olp-tebas-pbw6k15' using font: Anaktoria, size: 24.001543045043945
2025-06-20 09:13:29,402 - INFO - Successfully replaced 1 instances of '[Numéro de token]'
2025-06-20 09:13:29,402 - DEBUG - Page 1: Name replaced: True, Token replaced: True
2025-06-20 09:13:29,404 - INFO - Generated certificate: IOAI_2025_Certificate_Alfoussein_Ballo_olp-tebas-pbw6k15.pdf
2025-06-20 09:13:29,404 - INFO - Generating certificate for: Nouhoum Dicko (Token: olp-micenas-obq3m61)
2025-06-20 09:13:29,409 - DEBUG - Extracted text properties: {'fontname': 'ArchivoBlack-Regular', 'fontsize': 32.808834075927734, 'color': 11741488}
2025-06-20 09:13:29,410 - WARNING - Error with custom font, using default: need font file or buffer
2025-06-20 09:13:29,411 - DEBUG - Replaced '[NOM ET PRÉNOM DU PARTICIPANT]' with 'Nouhoum Dicko' using font: ArchivoBlack-Regular, size: 32.808834075927734
2025-06-20 09:13:29,411 - INFO - Successfully replaced 1 instances of '[NOM ET PRÉNOM DU PARTICIPANT]'
2025-06-20 09:13:29,412 - DEBUG - Extracted text properties: {'fontname': 'Anaktoria', 'fontsize': 24.001543045043945, 'color': 0}
2025-06-20 09:13:29,413 - WARNING - Error with custom font, using default: need font file or buffer
2025-06-20 09:13:29,414 - DEBUG - Replaced '[Numéro de token]' with 'olp-micenas-obq3m61' using font: Anaktoria, size: 24.001543045043945
2025-06-20 09:13:29,414 - INFO - Successfully replaced 1 instances of '[Numéro de token]'
2025-06-20 09:13:29,414 - DEBUG - Page 1: Name replaced: True, Token replaced: True
2025-06-20 09:13:29,415 - INFO - Generated certificate: IOAI_2025_Certificate_Nouhoum_Dicko_olp-micenas-obq3m61.pdf
2025-06-20 09:13:29,415 - INFO - Generating certificate for: Youssouf Sekou MAIGA (Token: olp-micenas-mpc6j80)
2025-06-20 09:13:29,420 - DEBUG - Extracted text properties: {'fontname': 'ArchivoBlack-Regular', 'fontsize': 32.808834075927734, 'color': 11741488}
2025-06-20 09:13:29,421 - WARNING - Error with custom font, using default: need font file or buffer
2025-06-20 09:13:29,422 - DEBUG - Replaced '[NOM ET PRÉNOM DU PARTICIPANT]' with 'Youssouf Sekou MAIGA' using font: ArchivoBlack-Regular, size: 32.808834075927734
2025-06-20 09:13:29,422 - INFO - Successfully replaced 1 instances of '[NOM ET PRÉNOM DU PARTICIPANT]'
2025-06-20 09:13:29,423 - DEBUG - Extracted text properties: {'fontname': 'Anaktoria', 'fontsize': 24.001543045043945, 'color': 0}
2025-06-20 09:13:29,424 - WARNING - Error with custom font, using default: need font file or buffer
2025-06-20 09:13:29,425 - DEBUG - Replaced '[Numéro de token]' with 'olp-micenas-mpc6j80' using font: Anaktoria, size: 24.001543045043945
2025-06-20 09:13:29,425 - INFO - Successfully replaced 1 instances of '[Numéro de token]'
2025-06-20 09:13:29,425 - DEBUG - Page 1: Name replaced: True, Token replaced: True
2025-06-20 09:13:29,426 - INFO - Generated certificate: IOAI_2025_Certificate_Youssouf_Sekou_MAIGA_olp-micenas-mpc6j80.pdf
2025-06-20 09:13:29,426 - INFO - Generating certificate for: Mamadou Modibo Kane (Token: olp-delfos-qeg0s17)
2025-06-20 09:13:29,430 - DEBUG - Extracted text properties: {'fontname': 'ArchivoBlack-Regular', 'fontsize': 32.808834075927734, 'color': 11741488}
2025-06-20 09:13:29,431 - WARNING - Error with custom font, using default: need font file or buffer
2025-06-20 09:13:29,433 - DEBUG - Replaced '[NOM ET PRÉNOM DU PARTICIPANT]' with 'Mamadou Modibo Kane' using font: ArchivoBlack-Regular, size: 32.808834075927734
2025-06-20 09:13:29,433 - INFO - Successfully replaced 1 instances of '[NOM ET PRÉNOM DU PARTICIPANT]'
2025-06-20 09:13:29,434 - DEBUG - Extracted text properties: {'fontname': 'Anaktoria', 'fontsize': 24.001543045043945, 'color': 0}
2025-06-20 09:13:29,435 - WARNING - Error with custom font, using default: need font file or buffer
2025-06-20 09:13:29,435 - DEBUG - Replaced '[Numéro de token]' with 'olp-delfos-qeg0s17' using font: Anaktoria, size: 24.001543045043945
2025-06-20 09:13:29,435 - INFO - Successfully replaced 1 instances of '[Numéro de token]'
2025-06-20 09:13:29,435 - DEBUG - Page 1: Name replaced: True, Token replaced: True
2025-06-20 09:13:29,437 - INFO - Generated certificate: IOAI_2025_Certificate_Mamadou_Modibo_Kane_olp-delfos-qeg0s17.pdf
2025-06-20 09:13:29,437 - INFO - Generating certificate for: Aïna Mohamed El Moctar Maïga (Token: olp-creta-acl8l96)
2025-06-20 09:13:29,441 - DEBUG - Extracted text properties: {'fontname': 'ArchivoBlack-Regular', 'fontsize': 32.808834075927734, 'color': 11741488}
2025-06-20 09:13:29,443 - WARNING - Error with custom font, using default: need font file or buffer
2025-06-20 09:13:29,444 - DEBUG - Replaced '[NOM ET PRÉNOM DU PARTICIPANT]' with 'Aïna Mohamed El Moctar Maïga' using font: ArchivoBlack-Regular, size: 32.808834075927734
2025-06-20 09:13:29,444 - INFO - Successfully replaced 1 instances of '[NOM ET PRÉNOM DU PARTICIPANT]'
2025-06-20 09:13:29,445 - DEBUG - Extracted text properties: {'fontname': 'Anaktoria', 'fontsize': 24.001543045043945, 'color': 0}
2025-06-20 09:13:29,446 - WARNING - Error with custom font, using default: need font file or buffer
2025-06-20 09:13:29,447 - DEBUG - Replaced '[Numéro de token]' with 'olp-creta-acl8l96' using font: Anaktoria, size: 24.001543045043945
2025-06-20 09:13:29,447 - INFO - Successfully replaced 1 instances of '[Numéro de token]'
2025-06-20 09:13:29,447 - DEBUG - Page 1: Name replaced: True, Token replaced: True
2025-06-20 09:13:29,449 - INFO - Generated certificate: IOAI_2025_Certificate_Aïna_Mohamed_El_Moctar_Maïga_olp-creta-acl8l96.pdf
2025-06-20 09:13:29,449 - INFO - Generating certificate for: Abigaïl Kamaté (Token: olp-corinto-bgs3m31)
2025-06-20 09:13:29,454 - DEBUG - Extracted text properties: {'fontname': 'ArchivoBlack-Regular', 'fontsize': 32.808834075927734, 'color': 11741488}
2025-06-20 09:13:29,455 - WARNING - Error with custom font, using default: need font file or buffer
2025-06-20 09:13:29,456 - DEBUG - Replaced '[NOM ET PRÉNOM DU PARTICIPANT]' with 'Abigaïl Kamaté' using font: ArchivoBlack-Regular, size: 32.808834075927734
2025-06-20 09:13:29,456 - INFO - Successfully replaced 1 instances of '[NOM ET PRÉNOM DU PARTICIPANT]'
2025-06-20 09:13:29,457 - DEBUG - Extracted text properties: {'fontname': 'Anaktoria', 'fontsize': 24.001543045043945, 'color': 0}
2025-06-20 09:13:29,458 - WARNING - Error with custom font, using default: need font file or buffer
2025-06-20 09:13:29,458 - DEBUG - Replaced '[Numéro de token]' with 'olp-corinto-bgs3m31' using font: Anaktoria, size: 24.001543045043945
2025-06-20 09:13:29,459 - INFO - Successfully replaced 1 instances of '[Numéro de token]'
2025-06-20 09:13:29,459 - DEBUG - Page 1: Name replaced: True, Token replaced: True
2025-06-20 09:13:29,460 - INFO - Generated certificate: IOAI_2025_Certificate_Abigaïl_Kamaté_olp-corinto-bgs3m31.pdf
2025-06-20 09:13:29,461 - INFO - Generating certificate for: Mamadou Issaka Diarra (Token: olp-maratona-fkt4w98)
2025-06-20 09:13:29,466 - DEBUG - Extracted text properties: {'fontname': 'ArchivoBlack-Regular', 'fontsize': 32.808834075927734, 'color': 11741488}
2025-06-20 09:13:29,467 - WARNING - Error with custom font, using default: need font file or buffer
2025-06-20 09:13:29,468 - DEBUG - Replaced '[NOM ET PRÉNOM DU PARTICIPANT]' with 'Mamadou Issaka Diarra' using font: ArchivoBlack-Regular, size: 32.808834075927734
2025-06-20 09:13:29,468 - INFO - Successfully replaced 1 instances of '[NOM ET PRÉNOM DU PARTICIPANT]'
2025-06-20 09:13:29,469 - DEBUG - Extracted text properties: {'fontname': 'Anaktoria', 'fontsize': 24.001543045043945, 'color': 0}
2025-06-20 09:13:29,470 - WARNING - Error with custom font, using default: need font file or buffer
2025-06-20 09:13:29,471 - DEBUG - Replaced '[Numéro de token]' with 'olp-maratona-fkt4w98' using font: Anaktoria, size: 24.001543045043945
2025-06-20 09:13:29,471 - INFO - Successfully replaced 1 instances of '[Numéro de token]'
2025-06-20 09:13:29,471 - DEBUG - Page 1: Name replaced: True, Token replaced: True
2025-06-20 09:13:29,473 - INFO - Generated certificate: IOAI_2025_Certificate_Mamadou_Issaka_Diarra_olp-maratona-fkt4w98.pdf
2025-06-20 09:13:29,473 - INFO - Generating certificate for: Cheickna Sidi CISSE (Token: olp-olimpia-iza2i00)
2025-06-20 09:13:29,481 - DEBUG - Extracted text properties: {'fontname': 'ArchivoBlack-Regular', 'fontsize': 32.808834075927734, 'color': 11741488}
2025-06-20 09:13:29,482 - WARNING - Error with custom font, using default: need font file or buffer
2025-06-20 09:13:29,483 - DEBUG - Replaced '[NOM ET PRÉNOM DU PARTICIPANT]' with 'Cheickna Sidi CISSE' using font: ArchivoBlack-Regular, size: 32.808834075927734
2025-06-20 09:13:29,483 - INFO - Successfully replaced 1 instances of '[NOM ET PRÉNOM DU PARTICIPANT]'
2025-06-20 09:13:29,485 - DEBUG - Extracted text properties: {'fontname': 'Anaktoria', 'fontsize': 24.001543045043945, 'color': 0}
2025-06-20 09:13:29,485 - WARNING - Error with custom font, using default: need font file or buffer
2025-06-20 09:13:29,486 - DEBUG - Replaced '[Numéro de token]' with 'olp-olimpia-iza2i00' using font: Anaktoria, size: 24.001543045043945
2025-06-20 09:13:29,486 - INFO - Successfully replaced 1 instances of '[Numéro de token]'
2025-06-20 09:13:29,486 - DEBUG - Page 1: Name replaced: True, Token replaced: True
2025-06-20 09:13:29,487 - INFO - Generated certificate: IOAI_2025_Certificate_Cheickna_Sidi_CISSE_olp-olimpia-iza2i00.pdf
2025-06-20 09:13:29,487 - INFO - Generating certificate for: Mady tounkara (Token: olp-micenas-hbs2c31)
2025-06-20 09:13:29,492 - DEBUG - Extracted text properties: {'fontname': 'ArchivoBlack-Regular', 'fontsize': 32.808834075927734, 'color': 11741488}
2025-06-20 09:13:29,493 - WARNING - Error with custom font, using default: need font file or buffer
2025-06-20 09:13:29,494 - DEBUG - Replaced '[NOM ET PRÉNOM DU PARTICIPANT]' with 'Mady tounkara' using font: ArchivoBlack-Regular, size: 32.808834075927734
2025-06-20 09:13:29,494 - INFO - Successfully replaced 1 instances of '[NOM ET PRÉNOM DU PARTICIPANT]'
2025-06-20 09:13:29,495 - DEBUG - Extracted text properties: {'fontname': 'Anaktoria', 'fontsize': 24.001543045043945, 'color': 0}
2025-06-20 09:13:29,496 - WARNING - Error with custom font, using default: need font file or buffer
2025-06-20 09:13:29,497 - DEBUG - Replaced '[Numéro de token]' with 'olp-micenas-hbs2c31' using font: Anaktoria, size: 24.001543045043945
2025-06-20 09:13:29,497 - INFO - Successfully replaced 1 instances of '[Numéro de token]'
2025-06-20 09:13:29,497 - DEBUG - Page 1: Name replaced: True, Token replaced: True
2025-06-20 09:13:29,498 - INFO - Generated certificate: IOAI_2025_Certificate_Mady_tounkara_olp-micenas-hbs2c31.pdf
2025-06-20 09:13:29,498 - INFO - Generating certificate for: Issa Doumbia (Token: olp-esparta-ima6z19)
2025-06-20 09:13:29,503 - DEBUG - Extracted text properties: {'fontname': 'ArchivoBlack-Regular', 'fontsize': 32.808834075927734, 'color': 11741488}
2025-06-20 09:13:29,504 - WARNING - Error with custom font, using default: need font file or buffer
2025-06-20 09:13:29,505 - DEBUG - Replaced '[NOM ET PRÉNOM DU PARTICIPANT]' with 'Issa Doumbia' using font: ArchivoBlack-Regular, size: 32.808834075927734
2025-06-20 09:13:29,505 - INFO - Successfully replaced 1 instances of '[NOM ET PRÉNOM DU PARTICIPANT]'
2025-06-20 09:13:29,506 - DEBUG - Extracted text properties: {'fontname': 'Anaktoria', 'fontsize': 24.001543045043945, 'color': 0}
2025-06-20 09:13:29,507 - WARNING - Error with custom font, using default: need font file or buffer
2025-06-20 09:13:29,508 - DEBUG - Replaced '[Numéro de token]' with 'olp-esparta-ima6z19' using font: Anaktoria, size: 24.001543045043945
2025-06-20 09:13:29,508 - INFO - Successfully replaced 1 instances of '[Numéro de token]'
2025-06-20 09:13:29,508 - DEBUG - Page 1: Name replaced: True, Token replaced: True
2025-06-20 09:13:29,509 - INFO - Generated certificate: IOAI_2025_Certificate_Issa_Doumbia_olp-esparta-ima6z19.pdf
2025-06-20 09:13:29,509 - INFO - Generating certificate for: Ramata Kanté (Token: olp-megara-acm8u29)
2025-06-20 09:13:29,515 - DEBUG - Extracted text properties: {'fontname': 'ArchivoBlack-Regular', 'fontsize': 32.808834075927734, 'color': 11741488}
2025-06-20 09:13:29,516 - WARNING - Error with custom font, using default: need font file or buffer
2025-06-20 09:13:29,517 - DEBUG - Replaced '[NOM ET PRÉNOM DU PARTICIPANT]' with 'Ramata Kanté' using font: ArchivoBlack-Regular, size: 32.808834075927734
2025-06-20 09:13:29,517 - INFO - Successfully replaced 1 instances of '[NOM ET PRÉNOM DU PARTICIPANT]'
2025-06-20 09:13:29,518 - DEBUG - Extracted text properties: {'fontname': 'Anaktoria', 'fontsize': 24.001543045043945, 'color': 0}
2025-06-20 09:13:29,519 - WARNING - Error with custom font, using default: need font file or buffer
2025-06-20 09:13:29,520 - DEBUG - Replaced '[Numéro de token]' with 'olp-megara-acm8u29' using font: Anaktoria, size: 24.001543045043945
2025-06-20 09:13:29,520 - INFO - Successfully replaced 1 instances of '[Numéro de token]'
2025-06-20 09:13:29,520 - DEBUG - Page 1: Name replaced: True, Token replaced: True
2025-06-20 09:13:29,521 - INFO - Generated certificate: IOAI_2025_Certificate_Ramata_Kanté_olp-megara-acm8u29.pdf
2025-06-20 09:13:29,521 - INFO - Generating certificate for: Zeinab Abibata Traoré (Token: olp-megara-mvt7t30)
2025-06-20 09:13:29,525 - DEBUG - Extracted text properties: {'fontname': 'ArchivoBlack-Regular', 'fontsize': 32.808834075927734, 'color': 11741488}
2025-06-20 09:13:29,526 - WARNING - Error with custom font, using default: need font file or buffer
2025-06-20 09:13:29,528 - DEBUG - Replaced '[NOM ET PRÉNOM DU PARTICIPANT]' with 'Zeinab Abibata Traoré' using font: ArchivoBlack-Regular, size: 32.808834075927734
2025-06-20 09:13:29,528 - INFO - Successfully replaced 1 instances of '[NOM ET PRÉNOM DU PARTICIPANT]'
2025-06-20 09:13:29,529 - DEBUG - Extracted text properties: {'fontname': 'Anaktoria', 'fontsize': 24.001543045043945, 'color': 0}
2025-06-20 09:13:29,530 - WARNING - Error with custom font, using default: need font file or buffer
2025-06-20 09:13:29,530 - DEBUG - Replaced '[Numéro de token]' with 'olp-megara-mvt7t30' using font: Anaktoria, size: 24.001543045043945
2025-06-20 09:13:29,530 - INFO - Successfully replaced 1 instances of '[Numéro de token]'
2025-06-20 09:13:29,530 - DEBUG - Page 1: Name replaced: True, Token replaced: True
2025-06-20 09:13:29,532 - INFO - Generated certificate: IOAI_2025_Certificate_Zeinab_Abibata_Traoré_olp-megara-mvt7t30.pdf
2025-06-20 09:13:29,532 - INFO - Generating certificate for: Mariam SY (Token: olp-megara-xjk6w30)
2025-06-20 09:13:29,536 - DEBUG - Extracted text properties: {'fontname': 'ArchivoBlack-Regular', 'fontsize': 32.808834075927734, 'color': 11741488}
2025-06-20 09:13:29,537 - WARNING - Error with custom font, using default: need font file or buffer
2025-06-20 09:13:29,538 - DEBUG - Replaced '[NOM ET PRÉNOM DU PARTICIPANT]' with 'Mariam SY' using font: ArchivoBlack-Regular, size: 32.808834075927734
2025-06-20 09:13:29,539 - INFO - Successfully replaced 1 instances of '[NOM ET PRÉNOM DU PARTICIPANT]'
2025-06-20 09:13:29,540 - DEBUG - Extracted text properties: {'fontname': 'Anaktoria', 'fontsize': 24.001543045043945, 'color': 0}
2025-06-20 09:13:29,541 - WARNING - Error with custom font, using default: need font file or buffer
2025-06-20 09:13:29,541 - DEBUG - Replaced '[Numéro de token]' with 'olp-megara-xjk6w30' using font: Anaktoria, size: 24.001543045043945
2025-06-20 09:13:29,541 - INFO - Successfully replaced 1 instances of '[Numéro de token]'
2025-06-20 09:13:29,541 - DEBUG - Page 1: Name replaced: True, Token replaced: True
2025-06-20 09:13:29,543 - INFO - Generated certificate: IOAI_2025_Certificate_Mariam_SY_olp-megara-xjk6w30.pdf
2025-06-20 09:13:29,543 - INFO - Generating certificate for: Aïssata Poudiougou (Token: olp-delfos-eof6w92)
2025-06-20 09:13:29,550 - DEBUG - Extracted text properties: {'fontname': 'ArchivoBlack-Regular', 'fontsize': 32.808834075927734, 'color': 11741488}
2025-06-20 09:13:29,551 - WARNING - Error with custom font, using default: need font file or buffer
2025-06-20 09:13:29,552 - DEBUG - Replaced '[NOM ET PRÉNOM DU PARTICIPANT]' with 'Aïssata Poudiougou' using font: ArchivoBlack-Regular, size: 32.808834075927734
2025-06-20 09:13:29,552 - INFO - Successfully replaced 1 instances of '[NOM ET PRÉNOM DU PARTICIPANT]'
2025-06-20 09:13:29,553 - DEBUG - Extracted text properties: {'fontname': 'Anaktoria', 'fontsize': 24.001543045043945, 'color': 0}
2025-06-20 09:13:29,554 - WARNING - Error with custom font, using default: need font file or buffer
2025-06-20 09:13:29,555 - DEBUG - Replaced '[Numéro de token]' with 'olp-delfos-eof6w92' using font: Anaktoria, size: 24.001543045043945
2025-06-20 09:13:29,555 - INFO - Successfully replaced 1 instances of '[Numéro de token]'
2025-06-20 09:13:29,555 - DEBUG - Page 1: Name replaced: True, Token replaced: True
2025-06-20 09:13:29,556 - INFO - Generated certificate: IOAI_2025_Certificate_Aïssata_Poudiougou_olp-delfos-eof6w92.pdf
2025-06-20 09:13:29,556 - INFO - Fixed certificate generation complete!
2025-06-20 09:13:29,556 - INFO - Successfully generated: 65 certificates
2025-06-20 09:13:29,556 - INFO - Errors encountered: 0
2025-06-20 09:13:29,560 - INFO - Fixed summary report saved: IOAI_2025_Certificate_Generation_Report_V3_20250620_091329.csv
